<?xml version="1.0" encoding="utf-8"?><testsuites name="pytest tests"><testsuite name="pytest" errors="0" failures="1" skipped="1" tests="93" time="420.338" timestamp="2026-01-25T14:56:05.520374-05:00" hostname="MacBookPro.lan"><testcase classname="tests.test_bible_explorer.TestBibleExplorer" name="test_homepage_loads" time="2.819" /><testcase classname="tests.test_regression_fixes.TestRegressionFixes" name="test_theme_toggle_functionality[chrome]" time="7.158" /><testcase classname="tests.test_bible_explorer.TestBibleExplorer" name="test_navigation_elements" time="0.136" /><testcase classname="tests.test_bible_explorer.TestBibleExplorer" name="test_hero_section_content" time="0.121" /><testcase classname="tests.test_bible_explorer.TestBibleExplorer" name="test_theme_toggle" time="1.426" /><testcase classname="tests.test_bible_explorer.TestBibleExplorer" name="test_search_functionality" time="1.782" /><testcase classname="tests.test_bible_explorer.TestBibleExplorer" name="test_font_controls" time="1.191" /><testcase classname="tests.test_bible_explorer.TestBibleExplorer" name="test_high_contrast_mode" time="0.640" /><testcase classname="tests.test_bible_explorer.TestBibleExplorer" name="test_responsive_layout_mobile" time="0.956" /><testcase classname="tests.test_bible_explorer.TestBibleExplorer" name="test_accessibility_features" time="10.112" /><testcase classname="tests.test_regression_fixes.TestRegressionFixes" name="test_theme_toggle_functionality[firefox]" time="8.281" /><testcase classname="tests.test_regression_fixes.TestRegressionFixes" name="test_chapter_reader_buttons_present[chrome]" time="5.561" /><testcase classname="tests.test_bible_explorer.TestBibleExplorer" name="test_page_performance" time="0.095" /><testcase classname="tests.test_bible_explorer.TestBibleExplorer" name="test_character_page_navigation" time="0.195" /><testcase classname="tests.test_bible_explorer.TestBibleExplorer" name="test_css_loading_and_styling" time="0.086" /><testcase classname="tests.test_bible_explorer.TestBibleExplorer" name="test_javascript_execution" time="0.184" /><testcase classname="tests.test_entities_system.TestEntitiesSystem" name="test_entities_page_loads" time="1.407" /><testcase classname="tests.test_entities_system.TestEntitiesSystem" name="test_entity_search_functionality" time="1.572" /><testcase classname="tests.test_regression_fixes.TestRegressionFixes" name="test_chapter_reader_buttons_present[firefox]" time="7.507" /><testcase classname="tests.test_entities_system.TestEntitiesSystem" name="test_individual_entity_page" time="11.773" /><testcase classname="tests.test_regression_fixes.TestRegressionFixes" name="test_no_duplicate_chapter_reader_buttons[chrome]" time="7.700" /><testcase classname="tests.test_entities_system.TestEntitiesSystem" name="test_entity_profile_content_loads" time="1.179"><skipped type="pytest.skip" message="Entity not found for profile test">/Users/andrewhall/repo/explore-scripture/tests/test_entities_system.py:143: Entity not found for profile test</skipped></testcase><testcase classname="tests.test_entities_system.TestEntitiesSystem" name="test_entity_cross_references" time="2.868" /><testcase classname="tests.test_regression_fixes.TestRegressionFixes" name="test_no_duplicate_chapter_reader_buttons[firefox]" time="9.193" /><testcase classname="tests.test_entities_system.TestEntitiesSystem" name="test_entity_book_filtering" time="3.821" /><testcase classname="tests.test_entities_system.TestEntitiesSystem" name="test_entities_filter_character_study_and_testament" time="3.414" /><testcase classname="tests.test_regression_fixes.TestRegressionFixes" name="test_youtube_videos_not_blocked[chrome]" time="1.217" /><testcase classname="tests.test_entities_system.TestEntitiesSystem" name="test_entity_responsive_design" time="1.896" /><testcase classname="tests.test_entities_system.TestEntitiesSystem" name="test_entity_navigation_breadcrumbs" time="11.648" /><testcase classname="tests.test_regression_fixes.TestRegressionFixes" name="test_youtube_videos_not_blocked[firefox]" time="3.050" /><testcase classname="tests.test_regression_fixes.TestRegressionFixes" name="test_biblegateway_integration_working[chrome]" time="4.668" /><testcase classname="tests.test_regression_fixes.TestRegressionFixes" name="test_biblegateway_integration_working[firefox]" time="6.411" /><testcase classname="tests.test_entities_system.TestEntitiesSystem" name="test_entity_error_handling" time="4.239" /><testcase classname="tests.test_regression_fixes.TestRegressionFixes" name="test_javascript_modules_loading_correctly[chrome]" time="3.039" /><testcase classname="tests.test_entities_system.TestEntitiesSystem" name="test_entity_data_integrity" time="1.333" /><testcase classname="tests.test_entities_system.TestEntitiesSystem" name="test_parables_page_loads" time="1.447" /><testcase classname="tests.test_regression_fixes.TestRegressionFixes" name="test_javascript_modules_loading_correctly[firefox]" time="5.129" /><testcase classname="tests.test_entities_system.TestEntitiesSystem" name="test_people_groups_page_loads" time="1.304" /><testcase classname="tests.test_genealogy_visualization.TestGenealogyVisualization" name="test_genealogy_page_loads" time="1.491" /><testcase classname="tests.test_regression_fixes.TestRegressionFixes" name="test_critical_css_loading[chrome]" time="1.575" /><testcase classname="tests.test_genealogy_visualization.TestGenealogyVisualization" name="test_cluster_dropdown_exists" time="2.314" /><testcase classname="tests.test_genealogy_visualization.TestGenealogyVisualization" name="test_royal_line_cluster_exists" time="2.065" /><testcase classname="tests.test_regression_fixes.TestRegressionFixes" name="test_critical_css_loading[firefox]" time="3.284" /><testcase classname="tests.test_genealogy_visualization.TestGenealogyVisualization" name="test_messianic_line_checkbox" time="1.825" /><testcase classname="tests.test_regression_fixes.TestRegressionFixes" name="test_service_worker_registration[chrome]" time="4.621" /><testcase classname="tests.test_genealogy_visualization.TestGenealogyVisualization" name="test_tree_nodes_render" time="3.513" /><testcase classname="tests.test_genealogy_visualization.TestGenealogyVisualization" name="test_messianic_line_highlighting" time="4.650" /><testcase classname="tests.test_regression_fixes.TestRegressionFixes" name="test_service_worker_registration[firefox]" time="6.202" /><testcase classname="tests.test_genealogy_visualization.TestGenealogyVisualization" name="test_tooltip_appears_on_hover" time="4.431" /><testcase classname="tests.test_regression_fixes.TestRegressionFixes" name="test_offline_functionality[chrome]" time="4.349" /><testcase classname="tests.test_genealogy_visualization.TestGenealogyVisualization" name="test_royal_line_cluster_loads" time="3.752" /><testcase classname="tests.test_regression_fixes.TestRegressionFixes" name="test_offline_functionality[firefox]" time="5.857" /><testcase classname="tests.test_genealogy_visualization.TestGenealogyVisualization" name="test_cluster_has_expected_nodes" time="3.606" /><testcase classname="tests.test_regression_fixes.TestRegressionFixes" name="test_search_functionality_basic[chrome]" time="6.550" /><testcase classname="tests.test_genealogy_visualization.TestGenealogyVisualization" name="test_circle_fill_states" time="3.648" /><testcase classname="tests.test_genealogy_visualization.TestGenealogyVisualization" name="test_search_functionality_exists" time="1.411" /><testcase classname="tests.test_genealogy_visualization.TestGenealogyVisualization" name="test_zoom_controls_exist" time="1.910" /><testcase classname="tests.test_genealogy_visualization.TestGenealogyVisualization" name="test_data_file_accessible" time="1.665" /><testcase classname="tests.test_regression_fixes.TestRegressionFixes" name="test_search_functionality_basic[firefox]" time="8.553" /><testcase classname="tests.test_commentary_system.TestCommentarySystem" name="test_commentary_buttons_exist" time="3.914" /><testcase classname="tests.test_commentary_system.TestCommentarySystem" name="test_commentary_modal_opens" time="3.208" /><testcase classname="tests.test_regression_fixes.TestRegressionFixes" name="test_responsive_design_basics[chrome]" time="3.816" /><testcase classname="tests.test_commentary_system.TestCommentarySystem" name="test_commentary_source_switching" time="6.240" /><testcase classname="tests.test_regression_fixes.TestRegressionFixes" name="test_responsive_design_basics[firefox]" time="6.023" /><testcase classname="tests.test_commentary_system.TestCommentarySystem" name="test_iframe_vs_direct_access_handling" time="7.756" /><testcase classname="tests.test_regression_fixes.TestRegressionFixes" name="test_responsive_table_design[chrome]" time="3.782" /><testcase classname="tests.test_regression_fixes.TestRegressionFixes" name="test_responsive_table_design[firefox]" time="5.303" /><testcase classname="tests.test_commentary_system.TestCommentarySystem" name="test_book_name_edge_cases" time="16.105" /><testcase classname="tests.test_regression_fixes.TestRegressionFixes" name="test_accessibility_aria_labels[chrome]" time="6.599" /><testcase classname="tests.test_regression_fixes.TestRegressionFixes" name="test_accessibility_aria_labels[firefox]" time="8.814" /><testcase classname="tests.test_commentary_system.TestCommentarySystem" name="test_modal_keyboard_navigation" time="13.509" /><testcase classname="tests.test_regression_fixes.TestRegressionFixes" name="test_key_figures_position[chrome]" time="120.757"><failure message="urllib3.exceptions.ReadTimeoutError: HTTPConnectionPool(host='localhost', port=56654): Read timed out. (read timeout=120)">test-env/lib/python3.14/site-packages/urllib3/connectionpool.py:534: in _make_request
    response = conn.getresponse()
               ^^^^^^^^^^^^^^^^^^
test-env/lib/python3.14/site-packages/urllib3/connection.py:571: in getresponse
    httplib_response = super().getresponse()
                       ^^^^^^^^^^^^^^^^^^^^^
/opt/homebrew/Cellar/python@3.14/3.14.2_1/Frameworks/Python.framework/Versions/3.14/lib/python3.14/http/client.py:1450: in getresponse
    response.begin()
/opt/homebrew/Cellar/python@3.14/3.14.2_1/Frameworks/Python.framework/Versions/3.14/lib/python3.14/http/client.py:336: in begin
    version, status, reason = self._read_status()
                              ^^^^^^^^^^^^^^^^^^^
/opt/homebrew/Cellar/python@3.14/3.14.2_1/Frameworks/Python.framework/Versions/3.14/lib/python3.14/http/client.py:297: in _read_status
    line = str(self.fp.readline(_MAXLINE + 1), "iso-8859-1")
               ^^^^^^^^^^^^^^^^^^^^^^^^^^^^^^
/opt/homebrew/Cellar/python@3.14/3.14.2_1/Frameworks/Python.framework/Versions/3.14/lib/python3.14/socket.py:725: in readinto
    return self._sock.recv_into(b)
           ^^^^^^^^^^^^^^^^^^^^^^^
E   TimeoutError: timed out

The above exception was the direct cause of the following exception:
tests/test_regression_fixes.py:583: in test_key_figures_position
    browser.get(urljoin(self.BASE_URL, "/books/genesis/"))
test-env/lib/python3.14/site-packages/selenium/webdriver/remote/webdriver.py:452: in get
    self.execute(Command.GET, {"url": url})
test-env/lib/python3.14/site-packages/selenium/webdriver/remote/webdriver.py:429: in execute
    response = cast(RemoteConnection, self.command_executor).execute(driver_command, params)
               ^^^^^^^^^^^^^^^^^^^^^^^^^^^^^^^^^^^^^^^^^^^^^^^^^^^^^^^^^^^^^^^^^^^^^^^^^^^^^
test-env/lib/python3.14/site-packages/selenium/webdriver/remote/remote_connection.py:406: in execute
    return self._request(command_info[0], url, body=data)
           ^^^^^^^^^^^^^^^^^^^^^^^^^^^^^^^^^^^^^^^^^^^^^^
test-env/lib/python3.14/site-packages/selenium/webdriver/remote/remote_connection.py:430: in _request
    response = self._conn.request(method, url, body=body, headers=headers, timeout=self._client_config.timeout)
               ^^^^^^^^^^^^^^^^^^^^^^^^^^^^^^^^^^^^^^^^^^^^^^^^^^^^^^^^^^^^^^^^^^^^^^^^^^^^^^^^^^^^^^^^^^^^^^^^
test-env/lib/python3.14/site-packages/urllib3/_request_methods.py:143: in request
    return self.request_encode_body(
test-env/lib/python3.14/site-packages/urllib3/_request_methods.py:278: in request_encode_body
    return self.urlopen(method, url, **extra_kw)
           ^^^^^^^^^^^^^^^^^^^^^^^^^^^^^^^^^^^^^
test-env/lib/python3.14/site-packages/urllib3/poolmanager.py:457: in urlopen
    response = conn.urlopen(method, u.request_uri, **kw)
               ^^^^^^^^^^^^^^^^^^^^^^^^^^^^^^^^^^^^^^^^^
test-env/lib/python3.14/site-packages/urllib3/connectionpool.py:841: in urlopen
    retries = retries.increment(
test-env/lib/python3.14/site-packages/urllib3/util/retry.py:490: in increment
    raise reraise(type(error), error, _stacktrace)
          ^^^^^^^^^^^^^^^^^^^^^^^^^^^^^^^^^^^^^^^^
test-env/lib/python3.14/site-packages/urllib3/util/util.py:39: in reraise
    raise value
test-env/lib/python3.14/site-packages/urllib3/connectionpool.py:787: in urlopen
    response = self._make_request(
test-env/lib/python3.14/site-packages/urllib3/connectionpool.py:536: in _make_request
    self._raise_timeout(err=e, url=url, timeout_value=read_timeout)
test-env/lib/python3.14/site-packages/urllib3/connectionpool.py:367: in _raise_timeout
    raise ReadTimeoutError(
E   urllib3.exceptions.ReadTimeoutError: HTTPConnectionPool(host='localhost', port=56654): Read timed out. (read timeout=120)</failure></testcase><testcase classname="tests.test_commentary_system.TestCommentarySystem" name="test_chapter_reader_integration" time="13.814" /><testcase classname="tests.test_commentary_system.TestCommentarySystem" name="test_mobile_responsiveness" time="2.857" /><testcase classname="tests.test_commentary_system.TestCommentarySystem" name="test_all_books_have_commentary_buttons" time="13.559" /><testcase classname="tests.test_env_config" name="test_environment_variables_loaded" time="0.000" /><testcase classname="tests.test_env_config" name="test_base_url_selection" time="0.000" /><testcase classname="tests.test_env_config" name="test_test_urls_generated" time="0.000" /><testcase classname="tests.test_env_config" name="test_browser_configuration" time="0.000" /><testcase classname="tests.test_env_config" name="test_timeout_configuration" time="0.000" /><testcase classname="tests.test_e2e_ui.TestE2EUI" name="test_global_search_direct_reference" time="2.680" /><testcase classname="tests.test_e2e_ui.TestE2EUI" name="test_sections_browse_cards" time="1.171" /><testcase classname="tests.test_e2e_ui.TestE2EUI" name="test_quick_access_panel_toggle" time="1.160" /><testcase classname="tests.test_regression_fixes.TestRegressionFixes" name="test_key_figures_position[firefox]" time="6.378" /><testcase classname="tests.test_scripture_widget" name="test_scripture_widget_loads" time="1.094" /><testcase classname="tests.test_scripture_widget" name="test_scripture_references_enhanced" time="2.976" /><testcase classname="tests.test_scripture_widget" name="test_desktop_hover_behavior" time="4.362" /><testcase classname="tests.test_scripture_widget" name="test_mobile_tap_behavior" time="4.305" /><testcase classname="tests.test_scripture_widget" name="test_scripture_widget_styles" time="1.124" /><testcase classname="tests.test_scripture_widget" name="test_translation_selector_functionality" time="3.067" /><testcase classname="tests.test_scripture_widget" name="test_scripture_widget_error_handling" time="3.221" /><testcase classname="tests.test_scripture_widget" name="test_scripture_macros_rendering" time="1.161" /><testcase classname="tests.test_scripture_widget" name="test_scripture_widget_accessibility" time="1.104" /></testsuite></testsuites>