<?xml version="1.0" encoding="utf-8"?><testsuites name="pytest tests"><testsuite name="pytest" errors="0" failures="0" skipped="13" tests="105" time="972.335" timestamp="2026-01-25T13:25:29.785732-05:00" hostname="MacBookPro.lan"><testcase classname="tests.test_env_config" name="test_environment_variables_loaded" time="0.001" /><testcase classname="tests.test_env_config" name="test_base_url_selection" time="0.000" /><testcase classname="tests.test_env_config" name="test_test_urls_generated" time="0.000" /><testcase classname="tests.test_env_config" name="test_browser_configuration" time="0.000" /><testcase classname="tests.test_env_config" name="test_timeout_configuration" time="0.000" /><testcase classname="tests.test_commentary_system.TestCommentarySystem" name="test_commentary_buttons_exist" time="89.684" /><testcase classname="tests.test_scripture_widget" name="test_scripture_widget_loads" time="31.383" /><testcase classname="tests.test_e2e_ui.TestE2EUI" name="test_global_search_direct_reference" time="83.344" /><testcase classname="tests.test_bible_explorer.TestBibleExplorer" name="test_homepage_loads" time="32.771" /><testcase classname="tests.test_entities_system.TestEntitiesSystem" name="test_entities_page_loads" time="34.624" /><testcase classname="tests.test_regression_fixes.TestRegressionFixes" name="test_theme_toggle_functionality[chrome]" time="28.589" /><testcase classname="tests.test_genealogy_visualization.TestGenealogyVisualization" name="test_genealogy_page_loads" time="37.437" /><testcase classname="tests.test_bible_explorer.TestBibleExplorer" name="test_navigation_elements" time="0.320" /><testcase classname="tests.test_bible_explorer.TestBibleExplorer" name="test_hero_section_content" time="0.259" /><testcase classname="tests.test_bible_explorer.TestBibleExplorer" name="test_theme_toggle" time="5.563" /><testcase classname="tests.test_scripture_widget" name="test_scripture_references_enhanced" time="44.392" /><testcase classname="tests.test_bible_explorer.TestBibleExplorer" name="test_search_functionality" time="2.132" /><testcase classname="tests.test_entities_system.TestEntitiesSystem" name="test_entity_search_functionality" time="39.058" /><testcase classname="tests.test_bible_explorer.TestBibleExplorer" name="test_font_controls" time="2.074" /><testcase classname="tests.test_genealogy_visualization.TestGenealogyVisualization" name="test_cluster_dropdown_exists" time="46.935" /><testcase classname="tests.test_bible_explorer.TestBibleExplorer" name="test_high_contrast_mode" time="0.713" /><testcase classname="tests.test_bible_explorer.TestBibleExplorer" name="test_responsive_layout_mobile" time="1.006" /><testcase classname="tests.test_bible_explorer.TestBibleExplorer" name="test_accessibility_features" time="10.231" /><testcase classname="tests.test_regression_fixes.TestRegressionFixes" name="test_theme_toggle_functionality[firefox]" time="67.721" /><testcase classname="tests.test_bible_explorer.TestBibleExplorer" name="test_page_performance" time="1.482" /><testcase classname="tests.test_bible_explorer.TestBibleExplorer" name="test_character_page_navigation" time="2.056" /><testcase classname="tests.test_bible_explorer.TestBibleExplorer" name="test_css_loading_and_styling" time="0.400" /><testcase classname="tests.test_bible_explorer.TestBibleExplorer" name="test_javascript_execution" time="0.435" /><testcase classname="tests.test_entities_system.TestEntitiesSystem" name="test_individual_entity_page" time="40.268" /><testcase classname="tests.test_scripture_widget" name="test_desktop_hover_behavior" time="31.664" /><testcase classname="tests.test_e2e_ui.TestE2EUI" name="test_sections_browse_cards" time="21.608" /><testcase classname="tests.test_genealogy_visualization.TestGenealogyVisualization" name="test_royal_line_cluster_exists" time="22.207" /><testcase classname="tests.test_commentary_system.TestCommentarySystem" name="test_commentary_modal_opens" time="22.125" /><testcase classname="tests.test_regression_fixes.TestRegressionFixes" name="test_chapter_reader_buttons_present[chrome]" time="38.073" /><testcase classname="tests.test_e2e_ui.TestE2EUI" name="test_quick_access_panel_toggle" time="14.646" /><testcase classname="tests.test_genealogy_visualization.TestGenealogyVisualization" name="test_messianic_line_checkbox" time="26.377" /><testcase classname="tests.test_scripture_widget" name="test_mobile_tap_behavior" time="28.297" /><testcase classname="tests.test_ios_safari.TestIOSSafari" name="test_mobile_homepage_loads" time="109.465"><skipped type="pytest.skip" message="iOS Simulator not available. Ensure Appium server is running and a simulator/device is booted. Details: Message: An unknown server-side error occurred while processing the command. Original error: Unable to start WebDriverAgent session. Original error: Could not proxy command to the remote server. Original error: connect ECONNREFUSED 127.0.0.1:8100&#10;Stacktrace:&#10;UnknownError: An unknown server-side error occurred while processing the command. Original error: Unable to start WebDriverAgent session. Original error: Could not proxy command to the remote server. Original error: connect ECONNREFUSED 127.0.0.1:8100&#10;    at getResponseForW3CError (/Users/andrewhall/.nvm/versions/node/v24.9.0/lib/node_modules/appium/node_modules/@appium/base-driver/lib/protocol/errors.js:1143:9)&#10;    at asyncHandler (/Users/andrewhall/.nvm/versions/node/v24.9.0/lib/node_modules/appium/node_modules/@appium/base-driver/lib/protocol/protocol.js:487:57)">/Users/andrewhall/repo/explore-scripture/tests/test_ios_safari.py:27: iOS Simulator not available. Ensure Appium server is running and a simulator/device is booted. Details: Message: An unknown server-side error occurred while processing the command. Original error: Unable to start WebDriverAgent session. Original error: Could not proxy command to the remote server. Original error: connect ECONNREFUSED 127.0.0.1:8100
Stacktrace:
UnknownError: An unknown server-side error occurred while processing the command. Original error: Unable to start WebDriverAgent session. Original error: Could not proxy command to the remote server. Original error: connect ECONNREFUSED 127.0.0.1:8100
    at getResponseForW3CError (/Users/andrewhall/.nvm/versions/node/v24.9.0/lib/node_modules/appium/node_modules/@appium/base-driver/lib/protocol/errors.js:1143:9)
    at asyncHandler (/Users/andrewhall/.nvm/versions/node/v24.9.0/lib/node_modules/appium/node_modules/@appium/base-driver/lib/protocol/protocol.js:487:57)</skipped></testcase><testcase classname="tests.test_commentary_system.TestCommentarySystem" name="test_commentary_source_switching" time="29.768" /><testcase classname="tests.test_entities_system.TestEntitiesSystem" name="test_entity_profile_content_loads" time="21.345"><skipped type="pytest.skip" message="Entity not found for profile test">/Users/andrewhall/repo/explore-scripture/tests/test_entities_system.py:143: Entity not found for profile test</skipped></testcase><testcase classname="tests.test_genealogy_visualization.TestGenealogyVisualization" name="test_tree_nodes_render" time="11.547" /><testcase classname="tests.test_entities_system.TestEntitiesSystem" name="test_entity_cross_references" time="23.235" /><testcase classname="tests.test_scripture_widget" name="test_scripture_widget_styles" time="7.059" /><testcase classname="tests.test_regression_fixes.TestRegressionFixes" name="test_chapter_reader_buttons_present[firefox]" time="31.342" /><testcase classname="tests.test_commentary_system.TestCommentarySystem" name="test_iframe_vs_direct_access_handling" time="28.732" /><testcase classname="tests.test_scripture_widget" name="test_translation_selector_functionality" time="16.122" /><testcase classname="tests.test_genealogy_visualization.TestGenealogyVisualization" name="test_messianic_line_highlighting" time="23.491" /><testcase classname="tests.test_entities_system.TestEntitiesSystem" name="test_entity_book_filtering" time="18.264" /><testcase classname="tests.test_scripture_widget" name="test_scripture_widget_error_handling" time="10.588" /><testcase classname="tests.test_regression_fixes.TestRegressionFixes" name="test_no_duplicate_chapter_reader_buttons[chrome]" time="29.657" /><testcase classname="tests.test_genealogy_visualization.TestGenealogyVisualization" name="test_tooltip_appears_on_hover" time="21.239" /><testcase classname="tests.test_scripture_widget" name="test_scripture_macros_rendering" time="16.897" /><testcase classname="tests.test_commentary_system.TestCommentarySystem" name="test_book_name_edge_cases" time="47.724" /><testcase classname="tests.test_entities_system.TestEntitiesSystem" name="test_entities_filter_character_study_and_testament" time="17.317" /><testcase classname="tests.test_scripture_widget" name="test_scripture_widget_accessibility" time="10.409" /><testcase classname="tests.test_genealogy_visualization.TestGenealogyVisualization" name="test_royal_line_cluster_loads" time="11.777" /><testcase classname="tests.test_entities_system.TestEntitiesSystem" name="test_entity_responsive_design" time="5.902" /><testcase classname="tests.test_regression_fixes.TestRegressionFixes" name="test_no_duplicate_chapter_reader_buttons[firefox]" time="25.520" /><testcase classname="tests.test_entities_system.TestEntitiesSystem" name="test_entity_navigation_breadcrumbs" time="25.764" /><testcase classname="tests.test_genealogy_visualization.TestGenealogyVisualization" name="test_cluster_has_expected_nodes" time="19.888" /><testcase classname="tests.test_commentary_system.TestCommentarySystem" name="test_modal_keyboard_navigation" time="18.536" /><testcase classname="tests.test_genealogy_visualization.TestGenealogyVisualization" name="test_circle_fill_states" time="8.288" /><testcase classname="tests.test_regression_fixes.TestRegressionFixes" name="test_youtube_videos_not_blocked[chrome]" time="5.573" /><testcase classname="tests.test_ios_safari.TestIOSSafari" name="test_mobile_navigation_menu" time="116.990"><skipped type="pytest.skip" message="iOS Simulator not available. Ensure Appium server is running and a simulator/device is booted. Details: Message: An unknown server-side error occurred while processing the command. Original error: Unable to start WebDriverAgent session. Original error: Could not proxy command to the remote server. Original error: connect ECONNREFUSED 127.0.0.1:8100&#10;Stacktrace:&#10;UnknownError: An unknown server-side error occurred while processing the command. Original error: Unable to start WebDriverAgent session. Original error: Could not proxy command to the remote server. Original error: connect ECONNREFUSED 127.0.0.1:8100&#10;    at getResponseForW3CError (/Users/andrewhall/.nvm/versions/node/v24.9.0/lib/node_modules/appium/node_modules/@appium/base-driver/lib/protocol/errors.js:1143:9)&#10;    at asyncHandler (/Users/andrewhall/.nvm/versions/node/v24.9.0/lib/node_modules/appium/node_modules/@appium/base-driver/lib/protocol/protocol.js:487:57)">/Users/andrewhall/repo/explore-scripture/tests/test_ios_safari.py:45: iOS Simulator not available. Ensure Appium server is running and a simulator/device is booted. Details: Message: An unknown server-side error occurred while processing the command. Original error: Unable to start WebDriverAgent session. Original error: Could not proxy command to the remote server. Original error: connect ECONNREFUSED 127.0.0.1:8100
Stacktrace:
UnknownError: An unknown server-side error occurred while processing the command. Original error: Unable to start WebDriverAgent session. Original error: Could not proxy command to the remote server. Original error: connect ECONNREFUSED 127.0.0.1:8100
    at getResponseForW3CError (/Users/andrewhall/.nvm/versions/node/v24.9.0/lib/node_modules/appium/node_modules/@appium/base-driver/lib/protocol/errors.js:1143:9)
    at asyncHandler (/Users/andrewhall/.nvm/versions/node/v24.9.0/lib/node_modules/appium/node_modules/@appium/base-driver/lib/protocol/protocol.js:487:57)</skipped></testcase><testcase classname="tests.test_entities_system.TestEntitiesSystem" name="test_entity_error_handling" time="5.384" /><testcase classname="tests.test_regression_fixes.TestRegressionFixes" name="test_youtube_videos_not_blocked[firefox]" time="14.660" /><testcase classname="tests.test_genealogy_visualization.TestGenealogyVisualization" name="test_search_functionality_exists" time="22.980" /><testcase classname="tests.test_entities_system.TestEntitiesSystem" name="test_entity_data_integrity" time="18.905" /><testcase classname="tests.test_commentary_system.TestCommentarySystem" name="test_chapter_reader_integration" time="30.995" /><testcase classname="tests.test_regression_fixes.TestRegressionFixes" name="test_biblegateway_integration_working[chrome]" time="16.108" /><testcase classname="tests.test_entities_system.TestEntitiesSystem" name="test_parables_page_loads" time="6.746" /><testcase classname="tests.test_genealogy_visualization.TestGenealogyVisualization" name="test_zoom_controls_exist" time="6.437" /><testcase classname="tests.test_entities_system.TestEntitiesSystem" name="test_people_groups_page_loads" time="5.483" /><testcase classname="tests.test_genealogy_visualization.TestGenealogyVisualization" name="test_data_file_accessible" time="2.729" /><testcase classname="tests.test_regression_fixes.TestRegressionFixes" name="test_biblegateway_integration_working[firefox]" time="15.238" /><testcase classname="tests.test_commentary_system.TestCommentarySystem" name="test_mobile_responsiveness" time="23.703" /><testcase classname="tests.test_regression_fixes.TestRegressionFixes" name="test_javascript_modules_loading_correctly[chrome]" time="18.150" /><testcase classname="tests.test_commentary_system.TestCommentarySystem" name="test_all_books_have_commentary_buttons" time="26.443" /><testcase classname="tests.test_regression_fixes.TestRegressionFixes" name="test_javascript_modules_loading_correctly[firefox]" time="10.219" /><testcase classname="tests.test_regression_fixes.TestRegressionFixes" name="test_critical_css_loading[chrome]" time="3.121" /><testcase classname="tests.test_regression_fixes.TestRegressionFixes" name="test_critical_css_loading[firefox]" time="7.705" /><testcase classname="tests.test_regression_fixes.TestRegressionFixes" name="test_service_worker_registration[chrome]" time="8.954" /><testcase classname="tests.test_ios_safari.TestIOSSafari" name="test_mobile_theme_toggle" time="92.351"><skipped type="pytest.skip" message="iOS Simulator not available. Ensure Appium server is running and a simulator/device is booted. Details: Message: An unknown server-side error occurred while processing the command. Original error: Unable to start WebDriverAgent session. Original error: Could not proxy command to the remote server. Original error: connect ECONNREFUSED 127.0.0.1:8100&#10;Stacktrace:&#10;UnknownError: An unknown server-side error occurred while processing the command. Original error: Unable to start WebDriverAgent session. Original error: Could not proxy command to the remote server. Original error: connect ECONNREFUSED 127.0.0.1:8100&#10;    at getResponseForW3CError (/Users/andrewhall/.nvm/versions/node/v24.9.0/lib/node_modules/appium/node_modules/@appium/base-driver/lib/protocol/errors.js:1143:9)&#10;    at asyncHandler (/Users/andrewhall/.nvm/versions/node/v24.9.0/lib/node_modules/appium/node_modules/@appium/base-driver/lib/protocol/protocol.js:487:57)">/Users/andrewhall/repo/explore-scripture/tests/test_ios_safari.py:76: iOS Simulator not available. Ensure Appium server is running and a simulator/device is booted. Details: Message: An unknown server-side error occurred while processing the command. Original error: Unable to start WebDriverAgent session. Original error: Could not proxy command to the remote server. Original error: connect ECONNREFUSED 127.0.0.1:8100
Stacktrace:
UnknownError: An unknown server-side error occurred while processing the command. Original error: Unable to start WebDriverAgent session. Original error: Could not proxy command to the remote server. Original error: connect ECONNREFUSED 127.0.0.1:8100
    at getResponseForW3CError (/Users/andrewhall/.nvm/versions/node/v24.9.0/lib/node_modules/appium/node_modules/@appium/base-driver/lib/protocol/errors.js:1143:9)
    at asyncHandler (/Users/andrewhall/.nvm/versions/node/v24.9.0/lib/node_modules/appium/node_modules/@appium/base-driver/lib/protocol/protocol.js:487:57)</skipped></testcase><testcase classname="tests.test_regression_fixes.TestRegressionFixes" name="test_service_worker_registration[firefox]" time="21.759" /><testcase classname="tests.test_regression_fixes.TestRegressionFixes" name="test_offline_functionality[chrome]" time="6.688" /><testcase classname="tests.test_regression_fixes.TestRegressionFixes" name="test_offline_functionality[firefox]" time="8.331" /><testcase classname="tests.test_regression_fixes.TestRegressionFixes" name="test_search_functionality_basic[chrome]" time="12.944" /><testcase classname="tests.test_regression_fixes.TestRegressionFixes" name="test_search_functionality_basic[firefox]" time="28.045" /><testcase classname="tests.test_regression_fixes.TestRegressionFixes" name="test_responsive_design_basics[chrome]" time="7.816" /><testcase classname="tests.test_ios_safari.TestIOSSafari" name="test_mobile_character_search" time="87.055"><skipped type="pytest.skip" message="iOS Simulator not available. Ensure Appium server is running and a simulator/device is booted. Details: Message: An unknown server-side error occurred while processing the command. Original error: Unable to start WebDriverAgent session. Original error: Could not proxy command to the remote server. Original error: connect ECONNREFUSED 127.0.0.1:8100&#10;Stacktrace:&#10;UnknownError: An unknown server-side error occurred while processing the command. Original error: Unable to start WebDriverAgent session. Original error: Could not proxy command to the remote server. Original error: connect ECONNREFUSED 127.0.0.1:8100&#10;    at getResponseForW3CError (/Users/andrewhall/.nvm/versions/node/v24.9.0/lib/node_modules/appium/node_modules/@appium/base-driver/lib/protocol/errors.js:1143:9)&#10;    at asyncHandler (/Users/andrewhall/.nvm/versions/node/v24.9.0/lib/node_modules/appium/node_modules/@appium/base-driver/lib/protocol/protocol.js:487:57)">/Users/andrewhall/repo/explore-scripture/tests/test_ios_safari.py:116: iOS Simulator not available. Ensure Appium server is running and a simulator/device is booted. Details: Message: An unknown server-side error occurred while processing the command. Original error: Unable to start WebDriverAgent session. Original error: Could not proxy command to the remote server. Original error: connect ECONNREFUSED 127.0.0.1:8100
Stacktrace:
UnknownError: An unknown server-side error occurred while processing the command. Original error: Unable to start WebDriverAgent session. Original error: Could not proxy command to the remote server. Original error: connect ECONNREFUSED 127.0.0.1:8100
    at getResponseForW3CError (/Users/andrewhall/.nvm/versions/node/v24.9.0/lib/node_modules/appium/node_modules/@appium/base-driver/lib/protocol/errors.js:1143:9)
    at asyncHandler (/Users/andrewhall/.nvm/versions/node/v24.9.0/lib/node_modules/appium/node_modules/@appium/base-driver/lib/protocol/protocol.js:487:57)</skipped></testcase><testcase classname="tests.test_regression_fixes.TestRegressionFixes" name="test_responsive_design_basics[firefox]" time="7.351" /><testcase classname="tests.test_regression_fixes.TestRegressionFixes" name="test_responsive_table_design[chrome]" time="18.578" /><testcase classname="tests.test_regression_fixes.TestRegressionFixes" name="test_responsive_table_design[firefox]" time="7.259" /><testcase classname="tests.test_regression_fixes.TestRegressionFixes" name="test_accessibility_aria_labels[chrome]" time="7.409" /><testcase classname="tests.test_regression_fixes.TestRegressionFixes" name="test_accessibility_aria_labels[firefox]" time="30.777" /><testcase classname="tests.test_regression_fixes.TestRegressionFixes" name="test_key_figures_position[chrome]" time="8.915" /><testcase classname="tests.test_regression_fixes.TestRegressionFixes" name="test_key_figures_position[firefox]" time="10.283" /><testcase classname="tests.test_ios_safari.TestIOSSafari" name="test_mobile_chapter_reader" time="85.037"><skipped type="pytest.skip" message="iOS Simulator not available. Ensure Appium server is running and a simulator/device is booted. Details: Message: An unknown server-side error occurred while processing the command. Original error: Unable to start WebDriverAgent session. Original error: Could not proxy command to the remote server. Original error: connect ECONNREFUSED 127.0.0.1:8100&#10;Stacktrace:&#10;UnknownError: An unknown server-side error occurred while processing the command. Original error: Unable to start WebDriverAgent session. Original error: Could not proxy command to the remote server. Original error: connect ECONNREFUSED 127.0.0.1:8100&#10;    at getResponseForW3CError (/Users/andrewhall/.nvm/versions/node/v24.9.0/lib/node_modules/appium/node_modules/@appium/base-driver/lib/protocol/errors.js:1143:9)&#10;    at asyncHandler (/Users/andrewhall/.nvm/versions/node/v24.9.0/lib/node_modules/appium/node_modules/@appium/base-driver/lib/protocol/protocol.js:487:57)">/Users/andrewhall/repo/explore-scripture/tests/test_ios_safari.py:154: iOS Simulator not available. Ensure Appium server is running and a simulator/device is booted. Details: Message: An unknown server-side error occurred while processing the command. Original error: Unable to start WebDriverAgent session. Original error: Could not proxy command to the remote server. Original error: connect ECONNREFUSED 127.0.0.1:8100
Stacktrace:
UnknownError: An unknown server-side error occurred while processing the command. Original error: Unable to start WebDriverAgent session. Original error: Could not proxy command to the remote server. Original error: connect ECONNREFUSED 127.0.0.1:8100
    at getResponseForW3CError (/Users/andrewhall/.nvm/versions/node/v24.9.0/lib/node_modules/appium/node_modules/@appium/base-driver/lib/protocol/errors.js:1143:9)
    at asyncHandler (/Users/andrewhall/.nvm/versions/node/v24.9.0/lib/node_modules/appium/node_modules/@appium/base-driver/lib/protocol/protocol.js:487:57)</skipped></testcase><testcase classname="tests.test_ios_safari.TestIOSSafari" name="test_mobile_scripture_widget" time="73.496"><skipped type="pytest.skip" message="iOS Simulator not available. Ensure Appium server is running and a simulator/device is booted. Details: Message: An unknown server-side error occurred while processing the command. Original error: Unable to start WebDriverAgent session. Original error: Could not proxy command to the remote server. Original error: connect ECONNREFUSED 127.0.0.1:8100&#10;Stacktrace:&#10;UnknownError: An unknown server-side error occurred while processing the command. Original error: Unable to start WebDriverAgent session. Original error: Could not proxy command to the remote server. Original error: connect ECONNREFUSED 127.0.0.1:8100&#10;    at getResponseForW3CError (/Users/andrewhall/.nvm/versions/node/v24.9.0/lib/node_modules/appium/node_modules/@appium/base-driver/lib/protocol/errors.js:1143:9)&#10;    at asyncHandler (/Users/andrewhall/.nvm/versions/node/v24.9.0/lib/node_modules/appium/node_modules/@appium/base-driver/lib/protocol/protocol.js:487:57)">/Users/andrewhall/repo/explore-scripture/tests/test_ios_safari.py:225: iOS Simulator not available. Ensure Appium server is running and a simulator/device is booted. Details: Message: An unknown server-side error occurred while processing the command. Original error: Unable to start WebDriverAgent session. Original error: Could not proxy command to the remote server. Original error: connect ECONNREFUSED 127.0.0.1:8100
Stacktrace:
UnknownError: An unknown server-side error occurred while processing the command. Original error: Unable to start WebDriverAgent session. Original error: Could not proxy command to the remote server. Original error: connect ECONNREFUSED 127.0.0.1:8100
    at getResponseForW3CError (/Users/andrewhall/.nvm/versions/node/v24.9.0/lib/node_modules/appium/node_modules/@appium/base-driver/lib/protocol/errors.js:1143:9)
    at asyncHandler (/Users/andrewhall/.nvm/versions/node/v24.9.0/lib/node_modules/appium/node_modules/@appium/base-driver/lib/protocol/protocol.js:487:57)</skipped></testcase><testcase classname="tests.test_ios_safari.TestIOSSafari" name="test_mobile_responsive_design" time="65.114"><skipped type="pytest.skip" message="iOS Simulator not available. Ensure Appium server is running and a simulator/device is booted. Details: Message: An unknown server-side error occurred while processing the command. Original error: Unable to start WebDriverAgent session. Original error: Could not proxy command to the remote server. Original error: connect ECONNREFUSED 127.0.0.1:8100&#10;Stacktrace:&#10;UnknownError: An unknown server-side error occurred while processing the command. Original error: Unable to start WebDriverAgent session. Original error: Could not proxy command to the remote server. Original error: connect ECONNREFUSED 127.0.0.1:8100&#10;    at getResponseForW3CError (/Users/andrewhall/.nvm/versions/node/v24.9.0/lib/node_modules/appium/node_modules/@appium/base-driver/lib/protocol/errors.js:1143:9)&#10;    at asyncHandler (/Users/andrewhall/.nvm/versions/node/v24.9.0/lib/node_modules/appium/node_modules/@appium/base-driver/lib/protocol/protocol.js:487:57)">/Users/andrewhall/repo/explore-scripture/tests/test_ios_safari.py:261: iOS Simulator not available. Ensure Appium server is running and a simulator/device is booted. Details: Message: An unknown server-side error occurred while processing the command. Original error: Unable to start WebDriverAgent session. Original error: Could not proxy command to the remote server. Original error: connect ECONNREFUSED 127.0.0.1:8100
Stacktrace:
UnknownError: An unknown server-side error occurred while processing the command. Original error: Unable to start WebDriverAgent session. Original error: Could not proxy command to the remote server. Original error: connect ECONNREFUSED 127.0.0.1:8100
    at getResponseForW3CError (/Users/andrewhall/.nvm/versions/node/v24.9.0/lib/node_modules/appium/node_modules/@appium/base-driver/lib/protocol/errors.js:1143:9)
    at asyncHandler (/Users/andrewhall/.nvm/versions/node/v24.9.0/lib/node_modules/appium/node_modules/@appium/base-driver/lib/protocol/protocol.js:487:57)</skipped></testcase><testcase classname="tests.test_ios_safari.TestIOSSafari" name="test_mobile_performance_basic" time="69.828"><skipped type="pytest.skip" message="iOS Simulator not available. Ensure Appium server is running and a simulator/device is booted. Details: Message: An unknown server-side error occurred while processing the command. Original error: Unable to start WebDriverAgent session. Original error: Could not proxy command to the remote server. Original error: connect ECONNREFUSED 127.0.0.1:8100&#10;Stacktrace:&#10;UnknownError: An unknown server-side error occurred while processing the command. Original error: Unable to start WebDriverAgent session. Original error: Could not proxy command to the remote server. Original error: connect ECONNREFUSED 127.0.0.1:8100&#10;    at getResponseForW3CError (/Users/andrewhall/.nvm/versions/node/v24.9.0/lib/node_modules/appium/node_modules/@appium/base-driver/lib/protocol/errors.js:1143:9)&#10;    at asyncHandler (/Users/andrewhall/.nvm/versions/node/v24.9.0/lib/node_modules/appium/node_modules/@appium/base-driver/lib/protocol/protocol.js:487:57)">/Users/andrewhall/repo/explore-scripture/tests/test_ios_safari.py:291: iOS Simulator not available. Ensure Appium server is running and a simulator/device is booted. Details: Message: An unknown server-side error occurred while processing the command. Original error: Unable to start WebDriverAgent session. Original error: Could not proxy command to the remote server. Original error: connect ECONNREFUSED 127.0.0.1:8100
Stacktrace:
UnknownError: An unknown server-side error occurred while processing the command. Original error: Unable to start WebDriverAgent session. Original error: Could not proxy command to the remote server. Original error: connect ECONNREFUSED 127.0.0.1:8100
    at getResponseForW3CError (/Users/andrewhall/.nvm/versions/node/v24.9.0/lib/node_modules/appium/node_modules/@appium/base-driver/lib/protocol/errors.js:1143:9)
    at asyncHandler (/Users/andrewhall/.nvm/versions/node/v24.9.0/lib/node_modules/appium/node_modules/@appium/base-driver/lib/protocol/protocol.js:487:57)</skipped></testcase><testcase classname="tests.test_ios_safari.TestIOSSafari" name="test_mobile_book_navigation" time="72.586"><skipped type="pytest.skip" message="iOS Simulator not available. Ensure Appium server is running and a simulator/device is booted. Details: Message: An unknown server-side error occurred while processing the command. Original error: Unable to start WebDriverAgent session. Original error: Could not proxy command to the remote server. Original error: connect ECONNREFUSED 127.0.0.1:8100&#10;Stacktrace:&#10;UnknownError: An unknown server-side error occurred while processing the command. Original error: Unable to start WebDriverAgent session. Original error: Could not proxy command to the remote server. Original error: connect ECONNREFUSED 127.0.0.1:8100&#10;    at getResponseForW3CError (/Users/andrewhall/.nvm/versions/node/v24.9.0/lib/node_modules/appium/node_modules/@appium/base-driver/lib/protocol/errors.js:1143:9)&#10;    at asyncHandler (/Users/andrewhall/.nvm/versions/node/v24.9.0/lib/node_modules/appium/node_modules/@appium/base-driver/lib/protocol/protocol.js:487:57)">/Users/andrewhall/repo/explore-scripture/tests/test_ios_safari.py:330: iOS Simulator not available. Ensure Appium server is running and a simulator/device is booted. Details: Message: An unknown server-side error occurred while processing the command. Original error: Unable to start WebDriverAgent session. Original error: Could not proxy command to the remote server. Original error: connect ECONNREFUSED 127.0.0.1:8100
Stacktrace:
UnknownError: An unknown server-side error occurred while processing the command. Original error: Unable to start WebDriverAgent session. Original error: Could not proxy command to the remote server. Original error: connect ECONNREFUSED 127.0.0.1:8100
    at getResponseForW3CError (/Users/andrewhall/.nvm/versions/node/v24.9.0/lib/node_modules/appium/node_modules/@appium/base-driver/lib/protocol/errors.js:1143:9)
    at asyncHandler (/Users/andrewhall/.nvm/versions/node/v24.9.0/lib/node_modules/appium/node_modules/@appium/base-driver/lib/protocol/protocol.js:487:57)</skipped></testcase><testcase classname="tests.test_ios_safari.TestIOSSafari" name="test_mobile_accessibility_basics" time="64.477"><skipped type="pytest.skip" message="iOS Simulator not available. Ensure Appium server is running and a simulator/device is booted. Details: Message: An unknown server-side error occurred while processing the command. Original error: Unable to start WebDriverAgent session. Original error: Could not proxy command to the remote server. Original error: connect ECONNREFUSED 127.0.0.1:8100&#10;Stacktrace:&#10;UnknownError: An unknown server-side error occurred while processing the command. Original error: Unable to start WebDriverAgent session. Original error: Could not proxy command to the remote server. Original error: connect ECONNREFUSED 127.0.0.1:8100&#10;    at getResponseForW3CError (/Users/andrewhall/.nvm/versions/node/v24.9.0/lib/node_modules/appium/node_modules/@appium/base-driver/lib/protocol/errors.js:1143:9)&#10;    at asyncHandler (/Users/andrewhall/.nvm/versions/node/v24.9.0/lib/node_modules/appium/node_modules/@appium/base-driver/lib/protocol/protocol.js:487:57)">/Users/andrewhall/repo/explore-scripture/tests/test_ios_safari.py:361: iOS Simulator not available. Ensure Appium server is running and a simulator/device is booted. Details: Message: An unknown server-side error occurred while processing the command. Original error: Unable to start WebDriverAgent session. Original error: Could not proxy command to the remote server. Original error: connect ECONNREFUSED 127.0.0.1:8100
Stacktrace:
UnknownError: An unknown server-side error occurred while processing the command. Original error: Unable to start WebDriverAgent session. Original error: Could not proxy command to the remote server. Original error: connect ECONNREFUSED 127.0.0.1:8100
    at getResponseForW3CError (/Users/andrewhall/.nvm/versions/node/v24.9.0/lib/node_modules/appium/node_modules/@appium/base-driver/lib/protocol/errors.js:1143:9)
    at asyncHandler (/Users/andrewhall/.nvm/versions/node/v24.9.0/lib/node_modules/appium/node_modules/@appium/base-driver/lib/protocol/protocol.js:487:57)</skipped></testcase><testcase classname="tests.test_ios_safari.TestIOSSpecific" name="test_ios_safari_viewport_behavior" time="63.933"><skipped type="pytest.skip" message="iOS Simulator not available. Ensure Appium server is running and a simulator/device is booted. Details: Message: An unknown server-side error occurred while processing the command. Original error: Unable to start WebDriverAgent session. Original error: Could not proxy command to the remote server. Original error: connect ECONNREFUSED 127.0.0.1:8100&#10;Stacktrace:&#10;UnknownError: An unknown server-side error occurred while processing the command. Original error: Unable to start WebDriverAgent session. Original error: Could not proxy command to the remote server. Original error: connect ECONNREFUSED 127.0.0.1:8100&#10;    at getResponseForW3CError (/Users/andrewhall/.nvm/versions/node/v24.9.0/lib/node_modules/appium/node_modules/@appium/base-driver/lib/protocol/errors.js:1143:9)&#10;    at asyncHandler (/Users/andrewhall/.nvm/versions/node/v24.9.0/lib/node_modules/appium/node_modules/@appium/base-driver/lib/protocol/protocol.js:487:57)">/Users/andrewhall/repo/explore-scripture/tests/test_ios_safari.py:396: iOS Simulator not available. Ensure Appium server is running and a simulator/device is booted. Details: Message: An unknown server-side error occurred while processing the command. Original error: Unable to start WebDriverAgent session. Original error: Could not proxy command to the remote server. Original error: connect ECONNREFUSED 127.0.0.1:8100
Stacktrace:
UnknownError: An unknown server-side error occurred while processing the command. Original error: Unable to start WebDriverAgent session. Original error: Could not proxy command to the remote server. Original error: connect ECONNREFUSED 127.0.0.1:8100
    at getResponseForW3CError (/Users/andrewhall/.nvm/versions/node/v24.9.0/lib/node_modules/appium/node_modules/@appium/base-driver/lib/protocol/errors.js:1143:9)
    at asyncHandler (/Users/andrewhall/.nvm/versions/node/v24.9.0/lib/node_modules/appium/node_modules/@appium/base-driver/lib/protocol/protocol.js:487:57)</skipped></testcase><testcase classname="tests.test_ios_safari.TestIOSSpecific" name="test_ios_touch_events" time="70.285"><skipped type="pytest.skip" message="iOS Simulator not available. Ensure Appium server is running and a simulator/device is booted. Details: Message: An unknown server-side error occurred while processing the command. Original error: Unable to start WebDriverAgent session. Original error: Could not proxy command to the remote server. Original error: connect ECONNREFUSED 127.0.0.1:8100&#10;Stacktrace:&#10;UnknownError: An unknown server-side error occurred while processing the command. Original error: Unable to start WebDriverAgent session. Original error: Could not proxy command to the remote server. Original error: connect ECONNREFUSED 127.0.0.1:8100&#10;    at getResponseForW3CError (/Users/andrewhall/.nvm/versions/node/v24.9.0/lib/node_modules/appium/node_modules/@appium/base-driver/lib/protocol/errors.js:1143:9)&#10;    at asyncHandler (/Users/andrewhall/.nvm/versions/node/v24.9.0/lib/node_modules/appium/node_modules/@appium/base-driver/lib/protocol/protocol.js:487:57)">/Users/andrewhall/repo/explore-scripture/tests/test_ios_safari.py:418: iOS Simulator not available. Ensure Appium server is running and a simulator/device is booted. Details: Message: An unknown server-side error occurred while processing the command. Original error: Unable to start WebDriverAgent session. Original error: Could not proxy command to the remote server. Original error: connect ECONNREFUSED 127.0.0.1:8100
Stacktrace:
UnknownError: An unknown server-side error occurred while processing the command. Original error: Unable to start WebDriverAgent session. Original error: Could not proxy command to the remote server. Original error: connect ECONNREFUSED 127.0.0.1:8100
    at getResponseForW3CError (/Users/andrewhall/.nvm/versions/node/v24.9.0/lib/node_modules/appium/node_modules/@appium/base-driver/lib/protocol/errors.js:1143:9)
    at asyncHandler (/Users/andrewhall/.nvm/versions/node/v24.9.0/lib/node_modules/appium/node_modules/@appium/base-driver/lib/protocol/protocol.js:487:57)</skipped></testcase></testsuite></testsuites>