<?xml version="1.0" encoding="utf-8"?><testsuites name="pytest tests"><testsuite name="pytest" errors="2" failures="20" skipped="1" tests="105" time="215.109" timestamp="2026-01-24T22:34:12.774214-05:00" hostname="Andrews-MacBook-Pro.local"><testcase classname="tests.test_env_config" name="test_environment_variables_loaded" time="0.000" /><testcase classname="tests.test_env_config" name="test_base_url_selection" time="0.000" /><testcase classname="tests.test_env_config" name="test_test_urls_generated" time="0.000" /><testcase classname="tests.test_env_config" name="test_browser_configuration" time="0.000" /><testcase classname="tests.test_env_config" name="test_timeout_configuration" time="0.000" /><testcase classname="tests.test_ios_safari.TestIOSSafari" name="test_mobile_homepage_loads" time="11.417" /><testcase classname="tests.test_entities_system.TestEntitiesSystem" name="test_entities_page_loads" time="18.776" /><testcase classname="tests.test_scripture_widget" name="test_scripture_widget_loads" time="27.403"><failure message="selenium.common.exceptions.TimeoutException: Message:">tests/test_scripture_widget.py:42: in test_scripture_widget_loads
    ensure_scripture_widget_loaded(chrome_driver)
tests/test_scripture_widget.py:23: in ensure_scripture_widget_loaded
    WebDriverWait(driver, 10).until(
test-env/lib/python3.14/site-packages/selenium/webdriver/support/wait.py:121: in until
    raise TimeoutException(message, screen, stacktrace)
E   selenium.common.exceptions.TimeoutException: Message:</failure></testcase><testcase classname="tests.test_commentary_system.TestCommentarySystem" name="test_commentary_buttons_exist" time="25.487" /><testcase classname="tests.test_bible_explorer.TestBibleExplorer" name="test_homepage_loads" time="15.950"><failure message="AssertionError: Critical JavaScript errors found: [{'level': 'SEVERE', 'message': 'network - A bad HTTP response code (404) was received when fetching the script.', 'source': 'network', 'timestamp': 1769312069680}]&#10;assert 1 == 0&#10; +  where 1 = len([{'level': 'SEVERE', 'message': 'network - A bad HTTP response code (404) was received when fetching the script.', 'source': 'network', 'timestamp': 1769312069680}])">tests/test_bible_explorer.py:82: in test_homepage_loads
    assert len(critical_errors) == 0, f"Critical JavaScript errors found: {critical_errors}"
E   AssertionError: Critical JavaScript errors found: [{'level': 'SEVERE', 'message': 'network - A bad HTTP response code (404) was received when fetching the script.', 'source': 'network', 'timestamp': 1769312069680}]
E   assert 1 == 0
E    +  where 1 = len([{'level': 'SEVERE', 'message': 'network - A bad HTTP response code (404) was received when fetching the script.', 'source': 'network', 'timestamp': 1769312069680}])</failure></testcase><testcase classname="tests.test_e2e_ui.TestE2EUI" name="test_global_search_direct_reference" time="27.331" /><testcase classname="tests.test_regression_fixes.TestRegressionFixes" name="test_theme_toggle_functionality[chrome]" time="20.676" /><testcase classname="tests.test_genealogy_visualization.TestGenealogyVisualization" name="test_genealogy_page_loads" time="17.377" /><testcase classname="tests.test_ios_safari.TestIOSSafari" name="test_mobile_navigation_menu" time="12.470" /><testcase classname="tests.test_bible_explorer.TestBibleExplorer" name="test_navigation_elements" time="1.121" /><testcase classname="tests.test_bible_explorer.TestBibleExplorer" name="test_hero_section_content" time="0.291" /><testcase classname="tests.test_bible_explorer.TestBibleExplorer" name="test_theme_toggle" time="1.951" /><testcase classname="tests.test_genealogy_visualization.TestGenealogyVisualization" name="test_cluster_dropdown_exists" time="12.221" /><testcase classname="tests.test_bible_explorer.TestBibleExplorer" name="test_search_functionality" time="0.772"><failure message="assert False&#10; +  where False = is_displayed()&#10; +    where is_displayed = &lt;selenium.webdriver.remote.webelement.WebElement (session=&quot;89f446f0162e42a8b40c50e448a5a63d&quot;, element=&quot;f.254DBF25DA752457DD04427225946CB3.d.1411E29FBC2218B8839E43D23650B2D9.e.137&quot;)&gt;.is_displayed">tests/test_bible_explorer.py:187: in test_search_functionality
    assert search_input.is_displayed()
E   assert False
E    +  where False = is_displayed()
E    +    where is_displayed = &lt;selenium.webdriver.remote.webelement.WebElement (session="89f446f0162e42a8b40c50e448a5a63d", element="f.254DBF25DA752457DD04427225946CB3.d.1411E29FBC2218B8839E43D23650B2D9.e.137")&gt;.is_displayed</failure></testcase><testcase classname="tests.test_entities_system.TestEntitiesSystem" name="test_entity_search_functionality" time="12.799" /><testcase classname="tests.test_bible_explorer.TestBibleExplorer" name="test_font_controls" time="1.435" /><testcase classname="tests.test_bible_explorer.TestBibleExplorer" name="test_high_contrast_mode" time="0.710" /><testcase classname="tests.test_bible_explorer.TestBibleExplorer" name="test_responsive_layout_mobile" time="1.311" /><testcase classname="tests.test_ios_safari.TestIOSSafari" name="test_mobile_theme_toggle" time="11.734"><failure message="AssertionError: Theme should change when toggle is clicked&#10;assert None != None">tests/test_ios_safari.py:164: in test_mobile_theme_toggle
    assert new_theme != initial_theme, "Theme should change when toggle is clicked"
E   AssertionError: Theme should change when toggle is clicked
E   assert None != None</failure></testcase><testcase classname="tests.test_bible_explorer.TestBibleExplorer" name="test_accessibility_features" time="10.505" /><testcase classname="tests.test_regression_fixes.TestRegressionFixes" name="test_theme_toggle_functionality[firefox]" time="14.061" /><testcase classname="tests.test_commentary_system.TestCommentarySystem" name="test_commentary_modal_opens" time="9.982" /><testcase classname="tests.test_e2e_ui.TestE2EUI" name="test_sections_browse_cards" time="7.278" /><testcase classname="tests.test_scripture_widget" name="test_scripture_references_enhanced" time="17.702"><failure message="selenium.common.exceptions.TimeoutException: Message:">tests/test_scripture_widget.py:54: in test_scripture_references_enhanced
    ensure_scripture_widget_loaded(chrome_driver)
tests/test_scripture_widget.py:23: in ensure_scripture_widget_loaded
    WebDriverWait(driver, 10).until(
test-env/lib/python3.14/site-packages/selenium/webdriver/support/wait.py:121: in until
    raise TimeoutException(message, screen, stacktrace)
E   selenium.common.exceptions.TimeoutException: Message:</failure></testcase><testcase classname="tests.test_genealogy_visualization.TestGenealogyVisualization" name="test_royal_line_cluster_exists" time="8.215"><failure message="AssertionError: Royal Line cluster should be available&#10;assert (False or False)&#10; +  where False = any(&lt;generator object TestGenealogyVisualization.test_royal_line_cluster_exists.&lt;locals&gt;.&lt;genexpr&gt; at 0x107ad3e00&gt;)&#10; +  and   False = any(&lt;generator object TestGenealogyVisualization.test_royal_line_cluster_exists.&lt;locals&gt;.&lt;genexpr&gt; at 0x107ad3c60&gt;)">tests/test_genealogy_visualization.py:83: in test_royal_line_cluster_exists
    assert any('royal_line' in value for value in cluster_values) or any('royal line' in label for label in cluster_labels), "Royal Line cluster should be available"
E   AssertionError: Royal Line cluster should be available
E   assert (False or False)
E    +  where False = any(&lt;generator object TestGenealogyVisualization.test_royal_line_cluster_exists.&lt;locals&gt;.&lt;genexpr&gt; at 0x107ad3e00&gt;)
E    +  and   False = any(&lt;generator object TestGenealogyVisualization.test_royal_line_cluster_exists.&lt;locals&gt;.&lt;genexpr&gt; at 0x107ad3c60&gt;)</failure></testcase><testcase classname="tests.test_entities_system.TestEntitiesSystem" name="test_individual_entity_page" time="17.473" /><testcase classname="tests.test_bible_explorer.TestBibleExplorer" name="test_page_performance" time="0.219" /><testcase classname="tests.test_bible_explorer.TestBibleExplorer" name="test_character_page_navigation" time="0.513" /><testcase classname="tests.test_bible_explorer.TestBibleExplorer" name="test_css_loading_and_styling" time="0.405" /><testcase classname="tests.test_bible_explorer.TestBibleExplorer" name="test_javascript_execution" time="0.578" /><testcase classname="tests.test_ios_safari.TestIOSSafari" name="test_mobile_character_search" time="22.903" /><testcase classname="tests.test_e2e_ui.TestE2EUI" name="test_quick_access_panel_toggle" time="6.415" /><testcase classname="tests.test_regression_fixes.TestRegressionFixes" name="test_chapter_reader_buttons_present[chrome]" time="12.969" /><testcase classname="tests.test_commentary_system.TestCommentarySystem" name="test_commentary_source_switching" time="12.158" /><testcase classname="tests.test_genealogy_visualization.TestGenealogyVisualization" name="test_messianic_line_checkbox" time="3.834" /><testcase classname="tests.test_genealogy_visualization.TestGenealogyVisualization" name="test_tree_nodes_render" time="5.090" /><testcase classname="tests.test_scripture_widget" name="test_desktop_hover_behavior" time="17.701"><failure message="selenium.common.exceptions.TimeoutException: Message:">tests/test_scripture_widget.py:78: in test_desktop_hover_behavior
    ensure_scripture_widget_loaded(chrome_driver)
tests/test_scripture_widget.py:23: in ensure_scripture_widget_loaded
    WebDriverWait(driver, 10).until(
test-env/lib/python3.14/site-packages/selenium/webdriver/support/wait.py:121: in until
    raise TimeoutException(message, screen, stacktrace)
E   selenium.common.exceptions.TimeoutException: Message:</failure></testcase><testcase classname="tests.test_genealogy_visualization.TestGenealogyVisualization" name="test_messianic_line_highlighting" time="9.288" /><testcase classname="tests.test_commentary_system.TestCommentarySystem" name="test_iframe_vs_direct_access_handling" time="12.354" /><testcase classname="tests.test_entities_system.TestEntitiesSystem" name="test_entity_profile_content_loads" time="4.941"><skipped type="pytest.skip" message="Entity not found for profile test">/Users/andrewhall/repo/explore-scripture/tests/test_entities_system.py:143: Entity not found for profile test</skipped></testcase><testcase classname="tests.test_regression_fixes.TestRegressionFixes" name="test_chapter_reader_buttons_present[firefox]" time="12.228" /><testcase classname="tests.test_entities_system.TestEntitiesSystem" name="test_entity_cross_references" time="6.506" /><testcase classname="tests.test_genealogy_visualization.TestGenealogyVisualization" name="test_tooltip_appears_on_hover" time="8.183" /><testcase classname="tests.test_ios_safari.TestIOSSafari" name="test_mobile_chapter_reader" time="13.320" /><testcase classname="tests.test_commentary_system.TestCommentarySystem" name="test_book_name_edge_cases" time="25.580" /><testcase classname="tests.test_regression_fixes.TestRegressionFixes" name="test_no_duplicate_chapter_reader_buttons[chrome]" time="14.277" /><testcase classname="tests.test_entities_system.TestEntitiesSystem" name="test_entity_book_filtering" time="6.227" /><testcase classname="tests.test_scripture_widget" name="test_mobile_tap_behavior" time="18.131"><failure message="selenium.common.exceptions.TimeoutException: Message:">tests/test_scripture_widget.py:108: in test_mobile_tap_behavior
    ensure_scripture_widget_loaded(chrome_driver)
tests/test_scripture_widget.py:23: in ensure_scripture_widget_loaded
    WebDriverWait(driver, 10).until(
test-env/lib/python3.14/site-packages/selenium/webdriver/support/wait.py:121: in until
    raise TimeoutException(message, screen, stacktrace)
E   selenium.common.exceptions.TimeoutException: Message:</failure></testcase><testcase classname="tests.test_genealogy_visualization.TestGenealogyVisualization" name="test_royal_line_cluster_loads" time="4.750"><failure message="selenium.common.exceptions.NoSuchElementException: Message: Cannot locate option with value: cluster:royal_line; For documentation on this error, please visit: https://www.selenium.dev/documentation/webdriver/troubleshooting/errors#nosuchelementexception">tests/test_genealogy_visualization.py:168: in test_royal_line_cluster_loads
    select.select_by_value('cluster:royal_line')
test-env/lib/python3.14/site-packages/selenium/webdriver/support/select.py:85: in select_by_value
    raise NoSuchElementException(f"Cannot locate option with value: {value}")
E   selenium.common.exceptions.NoSuchElementException: Message: Cannot locate option with value: cluster:royal_line; For documentation on this error, please visit: https://www.selenium.dev/documentation/webdriver/troubleshooting/errors#nosuchelementexception</failure></testcase><testcase classname="tests.test_entities_system.TestEntitiesSystem" name="test_entities_filter_character_study_and_testament" time="5.751" /><testcase classname="tests.test_genealogy_visualization.TestGenealogyVisualization" name="test_cluster_has_expected_nodes" time="8.227"><failure message="selenium.common.exceptions.NoSuchElementException: Message: Cannot locate option with value: cluster:royal_line; For documentation on this error, please visit: https://www.selenium.dev/documentation/webdriver/troubleshooting/errors#nosuchelementexception">tests/test_genealogy_visualization.py:187: in test_cluster_has_expected_nodes
    select.select_by_value('cluster:royal_line')
test-env/lib/python3.14/site-packages/selenium/webdriver/support/select.py:85: in select_by_value
    raise NoSuchElementException(f"Cannot locate option with value: {value}")
E   selenium.common.exceptions.NoSuchElementException: Message: Cannot locate option with value: cluster:royal_line; For documentation on this error, please visit: https://www.selenium.dev/documentation/webdriver/troubleshooting/errors#nosuchelementexception</failure></testcase><testcase classname="tests.test_ios_safari.TestIOSSafari" name="test_mobile_scripture_widget" time="15.610" /><testcase classname="tests.test_entities_system.TestEntitiesSystem" name="test_entity_responsive_design" time="6.328" /><testcase classname="tests.test_regression_fixes.TestRegressionFixes" name="test_no_duplicate_chapter_reader_buttons[firefox]" time="14.363" /><testcase classname="tests.test_genealogy_visualization.TestGenealogyVisualization" name="test_circle_fill_states" time="7.246" /><testcase classname="tests.test_entities_system.TestEntitiesSystem" name="test_entity_navigation_breadcrumbs" time="14.790" /><testcase classname="tests.test_scripture_widget" name="test_scripture_widget_styles" time="14.467"><failure message="selenium.common.exceptions.TimeoutException: Message:">tests/test_scripture_widget.py:136: in test_scripture_widget_styles
    ensure_scripture_widget_loaded(chrome_driver)
tests/test_scripture_widget.py:23: in ensure_scripture_widget_loaded
    WebDriverWait(driver, 10).until(
test-env/lib/python3.14/site-packages/selenium/webdriver/support/wait.py:121: in until
    raise TimeoutException(message, screen, stacktrace)
E   selenium.common.exceptions.TimeoutException: Message:</failure></testcase><testcase classname="tests.test_commentary_system.TestCommentarySystem" name="test_modal_keyboard_navigation" time="15.226" /><testcase classname="tests.test_genealogy_visualization.TestGenealogyVisualization" name="test_search_functionality_exists" time="3.497" /><testcase classname="tests.test_ios_safari.TestIOSSafari" name="test_mobile_responsive_design" time="0.257"><failure message="AssertionError: Interactive element should have adequate touch target size: {'height': 18, 'width': 29.5625}&#10;assert (18 &gt;= 30 or 29.5625 &gt;= 44)">tests/test_ios_safari.py:342: in test_mobile_responsive_design
    assert size['height'] &gt;= 30 or size['width'] &gt;= 44, \
E   AssertionError: Interactive element should have adequate touch target size: {'height': 18, 'width': 29.5625}
E   assert (18 &gt;= 30 or 29.5625 &gt;= 44)</failure></testcase><testcase classname="tests.test_ios_safari.TestIOSSafari" name="test_mobile_performance_basic" time="20.829"><failure message="selenium.common.exceptions.TimeoutException: Message:">tests/test_ios_safari.py:354: in test_mobile_performance_basic
    WebDriverWait(driver, 15).until(
test-env/lib/python3.14/site-packages/selenium/webdriver/support/wait.py:121: in until
    raise TimeoutException(message, screen, stacktrace)
E   selenium.common.exceptions.TimeoutException: Message:</failure></testcase><testcase classname="tests.test_regression_fixes.TestRegressionFixes" name="test_youtube_videos_not_blocked[chrome]" time="2.677" /><testcase classname="tests.test_genealogy_visualization.TestGenealogyVisualization" name="test_zoom_controls_exist" time="3.675" /><testcase classname="tests.test_genealogy_visualization.TestGenealogyVisualization" name="test_data_file_accessible" time="2.245" /><testcase classname="tests.test_entities_system.TestEntitiesSystem" name="test_entity_error_handling" time="5.132" /><testcase classname="tests.test_regression_fixes.TestRegressionFixes" name="test_youtube_videos_not_blocked[firefox]" time="6.299" /><testcase classname="tests.test_scripture_widget" name="test_translation_selector_functionality" time="13.896"><failure message="selenium.common.exceptions.TimeoutException: Message:">tests/test_scripture_widget.py:169: in test_translation_selector_functionality
    ensure_scripture_widget_loaded(chrome_driver)
tests/test_scripture_widget.py:23: in ensure_scripture_widget_loaded
    WebDriverWait(driver, 10).until(
test-env/lib/python3.14/site-packages/selenium/webdriver/support/wait.py:121: in until
    raise TimeoutException(message, screen, stacktrace)
E   selenium.common.exceptions.TimeoutException: Message:</failure></testcase><testcase classname="tests.test_regression_fixes.TestRegressionFixes" name="test_biblegateway_integration_working[chrome]" time="6.386" /><testcase classname="tests.test_entities_system.TestEntitiesSystem" name="test_entity_data_integrity" time="2.252" /><testcase classname="tests.test_commentary_system.TestCommentarySystem" name="test_chapter_reader_integration" time="14.467" /><testcase classname="tests.test_entities_system.TestEntitiesSystem" name="test_parables_page_loads" time="1.740" /><testcase classname="tests.test_entities_system.TestEntitiesSystem" name="test_people_groups_page_loads" time="2.387" /><testcase classname="tests.test_regression_fixes.TestRegressionFixes" name="test_biblegateway_integration_working[firefox]" time="8.019" /><testcase classname="tests.test_ios_safari.TestIOSSafari" name="test_mobile_book_navigation" time="6.410"><failure message="AssertionError: Should navigate to book page&#10;assert '/books/' in 'http://localhost:8080/categories/'&#10; +  where 'http://localhost:8080/categories/' = &lt;selenium.webdriver.safari.webdriver.WebDriver (session=&quot;41F17B13-4B60-475E-BE23-4354E2855A2E&quot;)&gt;.current_url">tests/test_ios_safari.py:402: in test_mobile_book_navigation
    assert "/books/" in driver.current_url, "Should navigate to book page"
E   AssertionError: Should navigate to book page
E   assert '/books/' in 'http://localhost:8080/categories/'
E    +  where 'http://localhost:8080/categories/' = &lt;selenium.webdriver.safari.webdriver.WebDriver (session="41F17B13-4B60-475E-BE23-4354E2855A2E")&gt;.current_url</failure></testcase><testcase classname="tests.test_scripture_widget" name="test_scripture_widget_error_handling" time="14.340"><failure message="selenium.common.exceptions.TimeoutException: Message:">tests/test_scripture_widget.py:198: in test_scripture_widget_error_handling
    ensure_scripture_widget_loaded(chrome_driver)
tests/test_scripture_widget.py:23: in ensure_scripture_widget_loaded
    WebDriverWait(driver, 10).until(
test-env/lib/python3.14/site-packages/selenium/webdriver/support/wait.py:121: in until
    raise TimeoutException(message, screen, stacktrace)
E   selenium.common.exceptions.TimeoutException: Message:</failure></testcase><testcase classname="tests.test_regression_fixes.TestRegressionFixes" name="test_javascript_modules_loading_correctly[chrome]" time="3.732" /><testcase classname="tests.test_ios_safari.TestIOSSafari" name="test_mobile_accessibility_basics" time="21.370"><failure message="selenium.common.exceptions.TimeoutException: Message:">tests/test_ios_safari.py:425: in test_mobile_accessibility_basics
    images = driver.find_elements(By.TAG_NAME, "img")
             ^^^^^^^^^^^^^^^^^^^^^^^^^^^^^^^^^^^^^^^^
test-env/lib/python3.14/site-packages/selenium/webdriver/remote/webdriver.py:833: in find_elements
    return self.execute(Command.FIND_ELEMENTS, {"using": by, "value": value})["value"] or []
           ^^^^^^^^^^^^^^^^^^^^^^^^^^^^^^^^^^^^^^^^^^^^^^^^^^^^^^^^^^^^^^^^^^
test-env/lib/python3.14/site-packages/selenium/webdriver/remote/webdriver.py:432: in execute
    self.error_handler.check_response(response)
test-env/lib/python3.14/site-packages/selenium/webdriver/remote/errorhandler.py:232: in check_response
    raise exception_class(message, screen, stacktrace)
E   selenium.common.exceptions.TimeoutException: Message:</failure></testcase><testcase classname="tests.test_commentary_system.TestCommentarySystem" name="test_mobile_responsiveness" time="4.156" /><testcase classname="tests.test_regression_fixes.TestRegressionFixes" name="test_javascript_modules_loading_correctly[firefox]" time="7.621" /><testcase classname="tests.test_commentary_system.TestCommentarySystem" name="test_all_books_have_commentary_buttons" time="21.821" /><testcase classname="tests.test_regression_fixes.TestRegressionFixes" name="test_critical_css_loading[chrome]" time="5.922" /><testcase classname="tests.test_scripture_widget" name="test_scripture_macros_rendering" time="4.728" /><testcase classname="tests.test_scripture_widget" name="test_scripture_widget_accessibility" time="12.666"><failure message="selenium.common.exceptions.TimeoutException: Message:">tests/test_scripture_widget.py:238: in test_scripture_widget_accessibility
    ensure_scripture_widget_loaded(chrome_driver)
tests/test_scripture_widget.py:23: in ensure_scripture_widget_loaded
    WebDriverWait(driver, 10).until(
test-env/lib/python3.14/site-packages/selenium/webdriver/support/wait.py:121: in until
    raise TimeoutException(message, screen, stacktrace)
E   selenium.common.exceptions.TimeoutException: Message:</failure></testcase><testcase classname="tests.test_regression_fixes.TestRegressionFixes" name="test_critical_css_loading[firefox]" time="5.997" /><testcase classname="tests.test_regression_fixes.TestRegressionFixes" name="test_service_worker_registration[chrome]" time="4.793" /><testcase classname="tests.test_ios_safari.TestIOSSpecific" name="test_ios_safari_viewport_behavior" time="0.000"><error message="failed on setup with &quot;file /Users/andrewhall/repo/explore-scripture/tests/test_ios_safari.py, line 445&#10;      def test_ios_safari_viewport_behavior(self, ios_driver, base_url):&#10;E       fixture 'ios_driver' not found&#10;&gt;       available fixtures: cache, capfd, capfdbinary, caplog, capsys, capsysbinary, capteesys, chrome_driver, doctest_namespace, ensure_report_dirs, extra, extras, include_metadata_in_junit_xml, ios_simulator_driver, metadata, mobile_safari_driver, monkeypatch, pytestconfig, record_property, record_testsuite_property, record_xml_attribute, recwarn, safari_driver, server, subtests, testrun_uid, tmp_path, tmp_path_factory, tmpdir, tmpdir_factory, worker_id&#10;&gt;       use 'pytest --fixtures [testpath]' for help on them.&#10;&#10;/Users/andrewhall/repo/explore-scripture/tests/test_ios_safari.py:445&quot;">file /Users/andrewhall/repo/explore-scripture/tests/test_ios_safari.py, line 445
      def test_ios_safari_viewport_behavior(self, ios_driver, base_url):
E       fixture 'ios_driver' not found
&gt;       available fixtures: cache, capfd, capfdbinary, caplog, capsys, capsysbinary, capteesys, chrome_driver, doctest_namespace, ensure_report_dirs, extra, extras, include_metadata_in_junit_xml, ios_simulator_driver, metadata, mobile_safari_driver, monkeypatch, pytestconfig, record_property, record_testsuite_property, record_xml_attribute, recwarn, safari_driver, server, subtests, testrun_uid, tmp_path, tmp_path_factory, tmpdir, tmpdir_factory, worker_id
&gt;       use 'pytest --fixtures [testpath]' for help on them.

/Users/andrewhall/repo/explore-scripture/tests/test_ios_safari.py:445</error></testcase><testcase classname="tests.test_ios_safari.TestIOSSpecific" name="test_ios_touch_events" time="0.000"><error message="failed on setup with &quot;file /Users/andrewhall/repo/explore-scripture/tests/test_ios_safari.py, line 467&#10;      def test_ios_touch_events(self, ios_driver, base_url):&#10;E       fixture 'ios_driver' not found&#10;&gt;       available fixtures: cache, capfd, capfdbinary, caplog, capsys, capsysbinary, capteesys, chrome_driver, doctest_namespace, ensure_report_dirs, extra, extras, include_metadata_in_junit_xml, ios_simulator_driver, metadata, mobile_safari_driver, monkeypatch, pytestconfig, record_property, record_testsuite_property, record_xml_attribute, recwarn, safari_driver, server, subtests, testrun_uid, tmp_path, tmp_path_factory, tmpdir, tmpdir_factory, worker_id&#10;&gt;       use 'pytest --fixtures [testpath]' for help on them.&#10;&#10;/Users/andrewhall/repo/explore-scripture/tests/test_ios_safari.py:467&quot;">file /Users/andrewhall/repo/explore-scripture/tests/test_ios_safari.py, line 467
      def test_ios_touch_events(self, ios_driver, base_url):
E       fixture 'ios_driver' not found
&gt;       available fixtures: cache, capfd, capfdbinary, caplog, capsys, capsysbinary, capteesys, chrome_driver, doctest_namespace, ensure_report_dirs, extra, extras, include_metadata_in_junit_xml, ios_simulator_driver, metadata, mobile_safari_driver, monkeypatch, pytestconfig, record_property, record_testsuite_property, record_xml_attribute, recwarn, safari_driver, server, subtests, testrun_uid, tmp_path, tmp_path_factory, tmpdir, tmpdir_factory, worker_id
&gt;       use 'pytest --fixtures [testpath]' for help on them.

/Users/andrewhall/repo/explore-scripture/tests/test_ios_safari.py:467</error></testcase><testcase classname="tests.test_regression_fixes.TestRegressionFixes" name="test_service_worker_registration[firefox]" time="6.161" /><testcase classname="tests.test_regression_fixes.TestRegressionFixes" name="test_offline_functionality[chrome]" time="4.262" /><testcase classname="tests.test_regression_fixes.TestRegressionFixes" name="test_offline_functionality[firefox]" time="5.583" /><testcase classname="tests.test_regression_fixes.TestRegressionFixes" name="test_search_functionality_basic[chrome]" time="6.233" /><testcase classname="tests.test_regression_fixes.TestRegressionFixes" name="test_search_functionality_basic[firefox]" time="7.962" /><testcase classname="tests.test_regression_fixes.TestRegressionFixes" name="test_responsive_design_basics[chrome]" time="3.632" /><testcase classname="tests.test_regression_fixes.TestRegressionFixes" name="test_responsive_design_basics[firefox]" time="5.131" /><testcase classname="tests.test_regression_fixes.TestRegressionFixes" name="test_responsive_table_design[chrome]" time="3.235"><failure message="AssertionError: Table should overflow when wrapper is visible&#10;assert False">tests/test_regression_fixes.py:515: in test_responsive_table_design
    assert wrapper_scroll, "Table should overflow when wrapper is visible"
E   AssertionError: Table should overflow when wrapper is visible
E   assert False</failure></testcase><testcase classname="tests.test_regression_fixes.TestRegressionFixes" name="test_responsive_table_design[firefox]" time="5.831"><failure message="AssertionError: Table should overflow when wrapper is visible&#10;assert False">tests/test_regression_fixes.py:515: in test_responsive_table_design
    assert wrapper_scroll, "Table should overflow when wrapper is visible"
E   AssertionError: Table should overflow when wrapper is visible
E   assert False</failure></testcase><testcase classname="tests.test_regression_fixes.TestRegressionFixes" name="test_accessibility_aria_labels[chrome]" time="6.297" /><testcase classname="tests.test_regression_fixes.TestRegressionFixes" name="test_accessibility_aria_labels[firefox]" time="7.440" /><testcase classname="tests.test_regression_fixes.TestRegressionFixes" name="test_key_figures_position[chrome]" time="5.109" /><testcase classname="tests.test_regression_fixes.TestRegressionFixes" name="test_key_figures_position[firefox]" time="6.629" /></testsuite></testsuites>