Loaded test configuration from: /Users/andrewhall/repo/explore-scripture/.env.test.local
============================= test session starts ==============================
platform darwin -- Python 3.14.2, pytest-9.0.2, pluggy-1.6.0 -- /Users/andrewhall/repo/explore-scripture/test-env/bin/python
cachedir: .pytest_cache
metadata: {'Python': '3.14.2', 'Platform': 'macOS-26.2-arm64-arm-64bit-Mach-O', 'Packages': {'pytest': '9.0.2', 'pluggy': '1.6.0'}, 'Plugins': {'xdist': '3.8.0', 'metadata': '3.1.1', 'html': '4.2.0'}, 'JAVA_HOME': '/Library/Java/JavaVirtualMachines/temurin-17.jdk/Contents/Home'}
rootdir: /Users/andrewhall/repo/explore-scripture
configfile: pytest.ini
plugins: xdist-3.8.0, metadata-3.1.1, html-4.2.0
created: 8/8 workers
8 workers [105 items]

scheduling tests via LoadFileScheduling

tests/test_regression_fixes.py::TestRegressionFixes::test_theme_toggle_functionality[chrome] 
tests/test_bible_explorer.py::TestBibleExplorer::test_homepage_loads 
tests/test_genealogy_visualization.py::TestGenealogyVisualization::test_genealogy_page_loads 
tests/test_ios_safari.py::TestIOSSafari::test_mobile_homepage_loads 
tests/test_entities_system.py::TestEntitiesSystem::test_entities_page_loads 
tests/test_scripture_widget.py::test_scripture_widget_loads 
tests/test_commentary_system.py::TestCommentarySystem::test_commentary_buttons_exist 
tests/test_env_config.py::test_environment_variables_loaded 
[gw7] [  0%] PASSED tests/test_env_config.py::test_environment_variables_loaded 
tests/test_env_config.py::test_base_url_selection 
[gw7] [  1%] PASSED tests/test_env_config.py::test_base_url_selection 
tests/test_env_config.py::test_test_urls_generated 
[gw7] [  2%] PASSED tests/test_env_config.py::test_test_urls_generated 
tests/test_env_config.py::test_browser_configuration 
[gw7] [  3%] PASSED tests/test_env_config.py::test_browser_configuration 
tests/test_env_config.py::test_timeout_configuration 
[gw7] [  4%] PASSED tests/test_env_config.py::test_timeout_configuration 
tests/test_e2e_ui.py::TestE2EUI::test_global_search_direct_reference 
[gw4] [  5%] PASSED tests/test_ios_safari.py::TestIOSSafari::test_mobile_homepage_loads 
tests/test_ios_safari.py::TestIOSSafari::test_mobile_navigation_menu 
[gw1] [  6%] FAILED tests/test_bible_explorer.py::TestBibleExplorer::test_homepage_loads 
tests/test_bible_explorer.py::TestBibleExplorer::test_navigation_elements 
[gw3] [  7%] PASSED tests/test_genealogy_visualization.py::TestGenealogyVisualization::test_genealogy_page_loads 
tests/test_genealogy_visualization.py::TestGenealogyVisualization::test_cluster_dropdown_exists 
[gw1] [  8%] PASSED tests/test_bible_explorer.py::TestBibleExplorer::test_navigation_elements 
tests/test_bible_explorer.py::TestBibleExplorer::test_hero_section_content 
[gw1] [  9%] PASSED tests/test_bible_explorer.py::TestBibleExplorer::test_hero_section_content 
tests/test_bible_explorer.py::TestBibleExplorer::test_theme_toggle 
[gw2] [ 10%] PASSED tests/test_entities_system.py::TestEntitiesSystem::test_entities_page_loads 
tests/test_entities_system.py::TestEntitiesSystem::test_entity_search_functionality 
[gw1] [ 11%] PASSED tests/test_bible_explorer.py::TestBibleExplorer::test_theme_toggle 
tests/test_bible_explorer.py::TestBibleExplorer::test_search_functionality 
[gw0] [ 12%] PASSED tests/test_regression_fixes.py::TestRegressionFixes::test_theme_toggle_functionality[chrome] 
tests/test_regression_fixes.py::TestRegressionFixes::test_theme_toggle_functionality[firefox] 
[gw1] [ 13%] FAILED tests/test_bible_explorer.py::TestBibleExplorer::test_search_functionality 
tests/test_bible_explorer.py::TestBibleExplorer::test_font_controls 
[gw1] [ 14%] PASSED tests/test_bible_explorer.py::TestBibleExplorer::test_font_controls 
tests/test_bible_explorer.py::TestBibleExplorer::test_high_contrast_mode 
[gw1] [ 15%] PASSED tests/test_bible_explorer.py::TestBibleExplorer::test_high_contrast_mode 
tests/test_bible_explorer.py::TestBibleExplorer::test_responsive_layout_mobile 
[gw4] [ 16%] PASSED tests/test_ios_safari.py::TestIOSSafari::test_mobile_navigation_menu 
tests/test_ios_safari.py::TestIOSSafari::test_mobile_theme_toggle 
[gw1] [ 17%] PASSED tests/test_bible_explorer.py::TestBibleExplorer::test_responsive_layout_mobile 
tests/test_bible_explorer.py::TestBibleExplorer::test_accessibility_features 
[gw5] [ 18%] PASSED tests/test_commentary_system.py::TestCommentarySystem::test_commentary_buttons_exist 
tests/test_commentary_system.py::TestCommentarySystem::test_commentary_modal_opens 
[gw7] [ 19%] PASSED tests/test_e2e_ui.py::TestE2EUI::test_global_search_direct_reference 
tests/test_e2e_ui.py::TestE2EUI::test_sections_browse_cards 
[gw6] [ 20%] FAILED tests/test_scripture_widget.py::test_scripture_widget_loads 
tests/test_scripture_widget.py::test_scripture_references_enhanced 
[gw3] [ 20%] PASSED tests/test_genealogy_visualization.py::TestGenealogyVisualization::test_cluster_dropdown_exists 
tests/test_genealogy_visualization.py::TestGenealogyVisualization::test_royal_line_cluster_exists 
[gw2] [ 21%] PASSED tests/test_entities_system.py::TestEntitiesSystem::test_entity_search_functionality 
tests/test_entities_system.py::TestEntitiesSystem::test_individual_entity_page 
[gw0] [ 22%] PASSED tests/test_regression_fixes.py::TestRegressionFixes::test_theme_toggle_functionality[firefox] 
[gw7] [ 23%] PASSED tests/test_e2e_ui.py::TestE2EUI::test_sections_browse_cards 
tests/test_e2e_ui.py::TestE2EUI::test_quick_access_panel_toggle 
tests/test_regression_fixes.py::TestRegressionFixes::test_chapter_reader_buttons_present[chrome] 
[gw1] [ 24%] PASSED tests/test_bible_explorer.py::TestBibleExplorer::test_accessibility_features 
tests/test_bible_explorer.py::TestBibleExplorer::test_page_performance 
[gw1] [ 25%] PASSED tests/test_bible_explorer.py::TestBibleExplorer::test_page_performance 
tests/test_bible_explorer.py::TestBibleExplorer::test_character_page_navigation 
[gw5] [ 26%] PASSED tests/test_commentary_system.py::TestCommentarySystem::test_commentary_modal_opens 
tests/test_commentary_system.py::TestCommentarySystem::test_commentary_source_switching 
[gw1] [ 27%] PASSED tests/test_bible_explorer.py::TestBibleExplorer::test_character_page_navigation 
tests/test_bible_explorer.py::TestBibleExplorer::test_css_loading_and_styling 
[gw1] [ 28%] PASSED tests/test_bible_explorer.py::TestBibleExplorer::test_css_loading_and_styling 
tests/test_bible_explorer.py::TestBibleExplorer::test_javascript_execution 
[gw4] [ 29%] FAILED tests/test_ios_safari.py::TestIOSSafari::test_mobile_theme_toggle 
tests/test_ios_safari.py::TestIOSSafari::test_mobile_character_search 
[gw1] [ 30%] PASSED tests/test_bible_explorer.py::TestBibleExplorer::test_javascript_execution 
[gw3] [ 31%] FAILED tests/test_genealogy_visualization.py::TestGenealogyVisualization::test_royal_line_cluster_exists 
tests/test_genealogy_visualization.py::TestGenealogyVisualization::test_messianic_line_checkbox 
[gw7] [ 32%] PASSED tests/test_e2e_ui.py::TestE2EUI::test_quick_access_panel_toggle 
[gw3] [ 33%] PASSED tests/test_genealogy_visualization.py::TestGenealogyVisualization::test_messianic_line_checkbox 
tests/test_genealogy_visualization.py::TestGenealogyVisualization::test_tree_nodes_render 
[gw6] [ 34%] FAILED tests/test_scripture_widget.py::test_scripture_references_enhanced 
tests/test_scripture_widget.py::test_desktop_hover_behavior 
[gw3] [ 35%] PASSED tests/test_genealogy_visualization.py::TestGenealogyVisualization::test_tree_nodes_render 
tests/test_genealogy_visualization.py::TestGenealogyVisualization::test_messianic_line_highlighting 
[gw5] [ 36%] PASSED tests/test_commentary_system.py::TestCommentarySystem::test_commentary_source_switching 
[gw0] [ 37%] PASSED tests/test_regression_fixes.py::TestRegressionFixes::test_chapter_reader_buttons_present[chrome] 
tests/test_commentary_system.py::TestCommentarySystem::test_iframe_vs_direct_access_handling 
tests/test_regression_fixes.py::TestRegressionFixes::test_chapter_reader_buttons_present[firefox] 
[gw2] [ 38%] PASSED tests/test_entities_system.py::TestEntitiesSystem::test_individual_entity_page 
tests/test_entities_system.py::TestEntitiesSystem::test_entity_profile_content_loads 
[gw2] [ 39%] SKIPPED tests/test_entities_system.py::TestEntitiesSystem::test_entity_profile_content_loads 
tests/test_entities_system.py::TestEntitiesSystem::test_entity_cross_references 
[gw3] [ 40%] PASSED tests/test_genealogy_visualization.py::TestGenealogyVisualization::test_messianic_line_highlighting 
tests/test_genealogy_visualization.py::TestGenealogyVisualization::test_tooltip_appears_on_hover 
[gw0] [ 40%] PASSED tests/test_regression_fixes.py::TestRegressionFixes::test_chapter_reader_buttons_present[firefox] 
[gw4] [ 41%] PASSED tests/test_ios_safari.py::TestIOSSafari::test_mobile_character_search 
tests/test_ios_safari.py::TestIOSSafari::test_mobile_chapter_reader 
[gw5] [ 42%] PASSED tests/test_commentary_system.py::TestCommentarySystem::test_iframe_vs_direct_access_handling 
tests/test_regression_fixes.py::TestRegressionFixes::test_no_duplicate_chapter_reader_buttons[chrome] 
tests/test_commentary_system.py::TestCommentarySystem::test_book_name_edge_cases 
[gw2] [ 43%] PASSED tests/test_entities_system.py::TestEntitiesSystem::test_entity_cross_references 
tests/test_entities_system.py::TestEntitiesSystem::test_entity_book_filtering 
[gw6] [ 44%] FAILED tests/test_scripture_widget.py::test_desktop_hover_behavior 
tests/test_scripture_widget.py::test_mobile_tap_behavior 
[gw3] [ 45%] PASSED tests/test_genealogy_visualization.py::TestGenealogyVisualization::test_tooltip_appears_on_hover 
tests/test_genealogy_visualization.py::TestGenealogyVisualization::test_royal_line_cluster_loads 
[gw2] [ 46%] PASSED tests/test_entities_system.py::TestEntitiesSystem::test_entity_book_filtering 
tests/test_entities_system.py::TestEntitiesSystem::test_entities_filter_character_study_and_testament 
[gw3] [ 47%] FAILED tests/test_genealogy_visualization.py::TestGenealogyVisualization::test_royal_line_cluster_loads 
tests/test_genealogy_visualization.py::TestGenealogyVisualization::test_cluster_has_expected_nodes 
[gw4] [ 48%] PASSED tests/test_ios_safari.py::TestIOSSafari::test_mobile_chapter_reader 
tests/test_ios_safari.py::TestIOSSafari::test_mobile_scripture_widget 
[gw2] [ 49%] PASSED tests/test_entities_system.py::TestEntitiesSystem::test_entities_filter_character_study_and_testament 
tests/test_entities_system.py::TestEntitiesSystem::test_entity_responsive_design 
[gw0] [ 50%] PASSED tests/test_regression_fixes.py::TestRegressionFixes::test_no_duplicate_chapter_reader_buttons[chrome] 
tests/test_regression_fixes.py::TestRegressionFixes::test_no_duplicate_chapter_reader_buttons[firefox] 
[gw3] [ 51%] FAILED tests/test_genealogy_visualization.py::TestGenealogyVisualization::test_cluster_has_expected_nodes 
tests/test_genealogy_visualization.py::TestGenealogyVisualization::test_circle_fill_states 
[gw2] [ 52%] PASSED tests/test_entities_system.py::TestEntitiesSystem::test_entity_responsive_design 
tests/test_entities_system.py::TestEntitiesSystem::test_entity_navigation_breadcrumbs 
[gw6] [ 53%] FAILED tests/test_scripture_widget.py::test_mobile_tap_behavior 
tests/test_scripture_widget.py::test_scripture_widget_styles 
[gw3] [ 54%] PASSED tests/test_genealogy_visualization.py::TestGenealogyVisualization::test_circle_fill_states 
tests/test_genealogy_visualization.py::TestGenealogyVisualization::test_search_functionality_exists 
[gw5] [ 55%] PASSED tests/test_commentary_system.py::TestCommentarySystem::test_book_name_edge_cases 
tests/test_commentary_system.py::TestCommentarySystem::test_modal_keyboard_navigation 
[gw0] [ 56%] PASSED tests/test_regression_fixes.py::TestRegressionFixes::test_no_duplicate_chapter_reader_buttons[firefox] 
[gw4] [ 57%] PASSED tests/test_ios_safari.py::TestIOSSafari::test_mobile_scripture_widget 
tests/test_ios_safari.py::TestIOSSafari::test_mobile_responsive_design 
[gw4] [ 58%] FAILED tests/test_ios_safari.py::TestIOSSafari::test_mobile_responsive_design 
tests/test_ios_safari.py::TestIOSSafari::test_mobile_performance_basic 
tests/test_regression_fixes.py::TestRegressionFixes::test_youtube_videos_not_blocked[chrome] 
[gw3] [ 59%] PASSED tests/test_genealogy_visualization.py::TestGenealogyVisualization::test_search_functionality_exists 
tests/test_genealogy_visualization.py::TestGenealogyVisualization::test_zoom_controls_exist 
[gw0] [ 60%] PASSED tests/test_regression_fixes.py::TestRegressionFixes::test_youtube_videos_not_blocked[chrome] 
tests/test_regression_fixes.py::TestRegressionFixes::test_youtube_videos_not_blocked[firefox] 
[gw3] [ 60%] PASSED tests/test_genealogy_visualization.py::TestGenealogyVisualization::test_zoom_controls_exist 
tests/test_genealogy_visualization.py::TestGenealogyVisualization::test_data_file_accessible 
[gw2] [ 61%] PASSED tests/test_entities_system.py::TestEntitiesSystem::test_entity_navigation_breadcrumbs 
tests/test_entities_system.py::TestEntitiesSystem::test_entity_error_handling 
[gw3] [ 62%] PASSED tests/test_genealogy_visualization.py::TestGenealogyVisualization::test_data_file_accessible 
[gw0] [ 63%] PASSED tests/test_regression_fixes.py::TestRegressionFixes::test_youtube_videos_not_blocked[firefox] 
[gw6] [ 64%] FAILED tests/test_scripture_widget.py::test_scripture_widget_styles 
tests/test_scripture_widget.py::test_translation_selector_functionality 
tests/test_regression_fixes.py::TestRegressionFixes::test_biblegateway_integration_working[chrome] 
[gw2] [ 65%] PASSED tests/test_entities_system.py::TestEntitiesSystem::test_entity_error_handling 
tests/test_entities_system.py::TestEntitiesSystem::test_entity_data_integrity 
[gw5] [ 66%] PASSED tests/test_commentary_system.py::TestCommentarySystem::test_modal_keyboard_navigation 
tests/test_commentary_system.py::TestCommentarySystem::test_chapter_reader_integration 
[gw2] [ 67%] PASSED tests/test_entities_system.py::TestEntitiesSystem::test_entity_data_integrity 
tests/test_entities_system.py::TestEntitiesSystem::test_parables_page_loads 
[gw2] [ 68%] PASSED tests/test_entities_system.py::TestEntitiesSystem::test_parables_page_loads 
tests/test_entities_system.py::TestEntitiesSystem::test_people_groups_page_loads 
[gw0] [ 69%] PASSED tests/test_regression_fixes.py::TestRegressionFixes::test_biblegateway_integration_working[chrome] 
tests/test_regression_fixes.py::TestRegressionFixes::test_biblegateway_integration_working[firefox] 
[gw2] [ 70%] PASSED tests/test_entities_system.py::TestEntitiesSystem::test_people_groups_page_loads 
[gw4] [ 71%] FAILED tests/test_ios_safari.py::TestIOSSafari::test_mobile_performance_basic 
tests/test_ios_safari.py::TestIOSSafari::test_mobile_book_navigation 
[gw6] [ 72%] FAILED tests/test_scripture_widget.py::test_translation_selector_functionality 
tests/test_scripture_widget.py::test_scripture_widget_error_handling 
[gw0] [ 73%] PASSED tests/test_regression_fixes.py::TestRegressionFixes::test_biblegateway_integration_working[firefox] 
tests/test_regression_fixes.py::TestRegressionFixes::test_javascript_modules_loading_correctly[chrome] 
[gw5] [ 74%] PASSED tests/test_commentary_system.py::TestCommentarySystem::test_chapter_reader_integration 
tests/test_commentary_system.py::TestCommentarySystem::test_mobile_responsiveness 
[gw4] [ 75%] FAILED tests/test_ios_safari.py::TestIOSSafari::test_mobile_book_navigation 
tests/test_ios_safari.py::TestIOSSafari::test_mobile_accessibility_basics 
[gw0] [ 76%] PASSED tests/test_regression_fixes.py::TestRegressionFixes::test_javascript_modules_loading_correctly[chrome] 
tests/test_regression_fixes.py::TestRegressionFixes::test_javascript_modules_loading_correctly[firefox] 
[gw5] [ 77%] PASSED tests/test_commentary_system.py::TestCommentarySystem::test_mobile_responsiveness 
tests/test_commentary_system.py::TestCommentarySystem::test_all_books_have_commentary_buttons 
[gw0] [ 78%] PASSED tests/test_regression_fixes.py::TestRegressionFixes::test_javascript_modules_loading_correctly[firefox] 
tests/test_regression_fixes.py::TestRegressionFixes::test_critical_css_loading[chrome] 
[gw6] [ 79%] FAILED tests/test_scripture_widget.py::test_scripture_widget_error_handling 
tests/test_scripture_widget.py::test_scripture_macros_rendering 
[gw0] [ 80%] PASSED tests/test_regression_fixes.py::TestRegressionFixes::test_critical_css_loading[chrome] 
tests/test_regression_fixes.py::TestRegressionFixes::test_critical_css_loading[firefox] 
[gw6] [ 80%] PASSED tests/test_scripture_widget.py::test_scripture_macros_rendering 
tests/test_scripture_widget.py::test_scripture_widget_accessibility 
[gw0] [ 81%] PASSED tests/test_regression_fixes.py::TestRegressionFixes::test_critical_css_loading[firefox] 
tests/test_regression_fixes.py::TestRegressionFixes::test_service_worker_registration[chrome] 
[gw4] [ 82%] FAILED tests/test_ios_safari.py::TestIOSSafari::test_mobile_accessibility_basics 
tests/test_ios_safari.py::TestIOSSpecific::test_ios_safari_viewport_behavior 
[gw4] [ 83%] ERROR tests/test_ios_safari.py::TestIOSSpecific::test_ios_safari_viewport_behavior 
tests/test_ios_safari.py::TestIOSSpecific::test_ios_touch_events 
[gw4] [ 84%] ERROR tests/test_ios_safari.py::TestIOSSpecific::test_ios_touch_events 
[gw0] [ 85%] PASSED tests/test_regression_fixes.py::TestRegressionFixes::test_service_worker_registration[chrome] 
tests/test_regression_fixes.py::TestRegressionFixes::test_service_worker_registration[firefox] 
[gw5] [ 86%] PASSED tests/test_commentary_system.py::TestCommentarySystem::test_all_books_have_commentary_buttons 
[gw6] [ 87%] FAILED tests/test_scripture_widget.py::test_scripture_widget_accessibility 
[gw0] [ 88%] PASSED tests/test_regression_fixes.py::TestRegressionFixes::test_service_worker_registration[firefox] 
tests/test_regression_fixes.py::TestRegressionFixes::test_offline_functionality[chrome] 
[gw0] [ 89%] PASSED tests/test_regression_fixes.py::TestRegressionFixes::test_offline_functionality[chrome] 
tests/test_regression_fixes.py::TestRegressionFixes::test_offline_functionality[firefox] 
[gw0] [ 90%] PASSED tests/test_regression_fixes.py::TestRegressionFixes::test_offline_functionality[firefox] 
tests/test_regression_fixes.py::TestRegressionFixes::test_search_functionality_basic[chrome] 
[gw0] [ 91%] PASSED tests/test_regression_fixes.py::TestRegressionFixes::test_search_functionality_basic[chrome] 
tests/test_regression_fixes.py::TestRegressionFixes::test_search_functionality_basic[firefox] 
[gw0] [ 92%] PASSED tests/test_regression_fixes.py::TestRegressionFixes::test_search_functionality_basic[firefox] 
tests/test_regression_fixes.py::TestRegressionFixes::test_responsive_design_basics[chrome] 
[gw0] [ 93%] PASSED tests/test_regression_fixes.py::TestRegressionFixes::test_responsive_design_basics[chrome] 
tests/test_regression_fixes.py::TestRegressionFixes::test_responsive_design_basics[firefox] 
[gw0] [ 94%] PASSED tests/test_regression_fixes.py::TestRegressionFixes::test_responsive_design_basics[firefox] 
tests/test_regression_fixes.py::TestRegressionFixes::test_responsive_table_design[chrome] 
[gw0] [ 95%] FAILED tests/test_regression_fixes.py::TestRegressionFixes::test_responsive_table_design[chrome] 
tests/test_regression_fixes.py::TestRegressionFixes::test_responsive_table_design[firefox] 
[gw0] [ 96%] FAILED tests/test_regression_fixes.py::TestRegressionFixes::test_responsive_table_design[firefox] 
tests/test_regression_fixes.py::TestRegressionFixes::test_accessibility_aria_labels[chrome] 
[gw0] [ 97%] PASSED tests/test_regression_fixes.py::TestRegressionFixes::test_accessibility_aria_labels[chrome] 
tests/test_regression_fixes.py::TestRegressionFixes::test_accessibility_aria_labels[firefox] 
[gw0] [ 98%] PASSED tests/test_regression_fixes.py::TestRegressionFixes::test_accessibility_aria_labels[firefox] 
tests/test_regression_fixes.py::TestRegressionFixes::test_key_figures_position[chrome] 
[gw0] [ 99%] PASSED tests/test_regression_fixes.py::TestRegressionFixes::test_key_figures_position[chrome] 
tests/test_regression_fixes.py::TestRegressionFixes::test_key_figures_position[firefox] 
[gw0] [100%] PASSED tests/test_regression_fixes.py::TestRegressionFixes::test_key_figures_position[firefox] 

==================================== ERRORS ====================================
_____ ERROR at setup of TestIOSSpecific.test_ios_safari_viewport_behavior ______
[gw4] darwin -- Python 3.14.2 /Users/andrewhall/repo/explore-scripture/test-env/bin/python
file /Users/andrewhall/repo/explore-scripture/tests/test_ios_safari.py, line 445
      def test_ios_safari_viewport_behavior(self, ios_driver, base_url):
E       fixture 'ios_driver' not found
>       available fixtures: cache, capfd, capfdbinary, caplog, capsys, capsysbinary, capteesys, chrome_driver, doctest_namespace, ensure_report_dirs, extra, extras, include_metadata_in_junit_xml, ios_simulator_driver, metadata, mobile_safari_driver, monkeypatch, pytestconfig, record_property, record_testsuite_property, record_xml_attribute, recwarn, safari_driver, server, subtests, testrun_uid, tmp_path, tmp_path_factory, tmpdir, tmpdir_factory, worker_id
>       use 'pytest --fixtures [testpath]' for help on them.

/Users/andrewhall/repo/explore-scripture/tests/test_ios_safari.py:445
___________ ERROR at setup of TestIOSSpecific.test_ios_touch_events ____________
[gw4] darwin -- Python 3.14.2 /Users/andrewhall/repo/explore-scripture/test-env/bin/python
file /Users/andrewhall/repo/explore-scripture/tests/test_ios_safari.py, line 467
      def test_ios_touch_events(self, ios_driver, base_url):
E       fixture 'ios_driver' not found
>       available fixtures: cache, capfd, capfdbinary, caplog, capsys, capsysbinary, capteesys, chrome_driver, doctest_namespace, ensure_report_dirs, extra, extras, include_metadata_in_junit_xml, ios_simulator_driver, metadata, mobile_safari_driver, monkeypatch, pytestconfig, record_property, record_testsuite_property, record_xml_attribute, recwarn, safari_driver, server, subtests, testrun_uid, tmp_path, tmp_path_factory, tmpdir, tmpdir_factory, worker_id
>       use 'pytest --fixtures [testpath]' for help on them.

/Users/andrewhall/repo/explore-scripture/tests/test_ios_safari.py:467
=================================== FAILURES ===================================
____________________ TestBibleExplorer.test_homepage_loads _____________________
[gw1] darwin -- Python 3.14.2 /Users/andrewhall/repo/explore-scripture/test-env/bin/python
tests/test_bible_explorer.py:82: in test_homepage_loads
    assert len(critical_errors) == 0, f"Critical JavaScript errors found: {critical_errors}"
E   AssertionError: Critical JavaScript errors found: [{'level': 'SEVERE', 'message': 'network - A bad HTTP response code (404) was received when fetching the script.', 'source': 'network', 'timestamp': 1769312069680}]
E   assert 1 == 0
E    +  where 1 = len([{'level': 'SEVERE', 'message': 'network - A bad HTTP response code (404) was received when fetching the script.', 'source': 'network', 'timestamp': 1769312069680}])
_________________ TestBibleExplorer.test_search_functionality __________________
[gw1] darwin -- Python 3.14.2 /Users/andrewhall/repo/explore-scripture/test-env/bin/python
tests/test_bible_explorer.py:187: in test_search_functionality
    assert search_input.is_displayed()
E   assert False
E    +  where False = is_displayed()
E    +    where is_displayed = <selenium.webdriver.remote.webelement.WebElement (session="89f446f0162e42a8b40c50e448a5a63d", element="f.254DBF25DA752457DD04427225946CB3.d.1411E29FBC2218B8839E43D23650B2D9.e.137")>.is_displayed
_________________________ test_scripture_widget_loads __________________________
[gw6] darwin -- Python 3.14.2 /Users/andrewhall/repo/explore-scripture/test-env/bin/python
tests/test_scripture_widget.py:42: in test_scripture_widget_loads
    ensure_scripture_widget_loaded(chrome_driver)
tests/test_scripture_widget.py:23: in ensure_scripture_widget_loaded
    WebDriverWait(driver, 10).until(
test-env/lib/python3.14/site-packages/selenium/webdriver/support/wait.py:121: in until
    raise TimeoutException(message, screen, stacktrace)
E   selenium.common.exceptions.TimeoutException: Message:
____________________ TestIOSSafari.test_mobile_theme_toggle ____________________
[gw4] darwin -- Python 3.14.2 /Users/andrewhall/repo/explore-scripture/test-env/bin/python
tests/test_ios_safari.py:164: in test_mobile_theme_toggle
    assert new_theme != initial_theme, "Theme should change when toggle is clicked"
E   AssertionError: Theme should change when toggle is clicked
E   assert None != None
__________ TestGenealogyVisualization.test_royal_line_cluster_exists ___________
[gw3] darwin -- Python 3.14.2 /Users/andrewhall/repo/explore-scripture/test-env/bin/python
tests/test_genealogy_visualization.py:83: in test_royal_line_cluster_exists
    assert any('royal_line' in value for value in cluster_values) or any('royal line' in label for label in cluster_labels), "Royal Line cluster should be available"
E   AssertionError: Royal Line cluster should be available
E   assert (False or False)
E    +  where False = any(<generator object TestGenealogyVisualization.test_royal_line_cluster_exists.<locals>.<genexpr> at 0x107ad3e00>)
E    +  and   False = any(<generator object TestGenealogyVisualization.test_royal_line_cluster_exists.<locals>.<genexpr> at 0x107ad3c60>)
______________________ test_scripture_references_enhanced ______________________
[gw6] darwin -- Python 3.14.2 /Users/andrewhall/repo/explore-scripture/test-env/bin/python
tests/test_scripture_widget.py:54: in test_scripture_references_enhanced
    ensure_scripture_widget_loaded(chrome_driver)
tests/test_scripture_widget.py:23: in ensure_scripture_widget_loaded
    WebDriverWait(driver, 10).until(
test-env/lib/python3.14/site-packages/selenium/webdriver/support/wait.py:121: in until
    raise TimeoutException(message, screen, stacktrace)
E   selenium.common.exceptions.TimeoutException: Message:
_________________________ test_desktop_hover_behavior __________________________
[gw6] darwin -- Python 3.14.2 /Users/andrewhall/repo/explore-scripture/test-env/bin/python
tests/test_scripture_widget.py:78: in test_desktop_hover_behavior
    ensure_scripture_widget_loaded(chrome_driver)
tests/test_scripture_widget.py:23: in ensure_scripture_widget_loaded
    WebDriverWait(driver, 10).until(
test-env/lib/python3.14/site-packages/selenium/webdriver/support/wait.py:121: in until
    raise TimeoutException(message, screen, stacktrace)
E   selenium.common.exceptions.TimeoutException: Message:
___________ TestGenealogyVisualization.test_royal_line_cluster_loads ___________
[gw3] darwin -- Python 3.14.2 /Users/andrewhall/repo/explore-scripture/test-env/bin/python
tests/test_genealogy_visualization.py:168: in test_royal_line_cluster_loads
    select.select_by_value('cluster:royal_line')
test-env/lib/python3.14/site-packages/selenium/webdriver/support/select.py:85: in select_by_value
    raise NoSuchElementException(f"Cannot locate option with value: {value}")
E   selenium.common.exceptions.NoSuchElementException: Message: Cannot locate option with value: cluster:royal_line; For documentation on this error, please visit: https://www.selenium.dev/documentation/webdriver/troubleshooting/errors#nosuchelementexception
__________ TestGenealogyVisualization.test_cluster_has_expected_nodes __________
[gw3] darwin -- Python 3.14.2 /Users/andrewhall/repo/explore-scripture/test-env/bin/python
tests/test_genealogy_visualization.py:187: in test_cluster_has_expected_nodes
    select.select_by_value('cluster:royal_line')
test-env/lib/python3.14/site-packages/selenium/webdriver/support/select.py:85: in select_by_value
    raise NoSuchElementException(f"Cannot locate option with value: {value}")
E   selenium.common.exceptions.NoSuchElementException: Message: Cannot locate option with value: cluster:royal_line; For documentation on this error, please visit: https://www.selenium.dev/documentation/webdriver/troubleshooting/errors#nosuchelementexception
___________________________ test_mobile_tap_behavior ___________________________
[gw6] darwin -- Python 3.14.2 /Users/andrewhall/repo/explore-scripture/test-env/bin/python
tests/test_scripture_widget.py:108: in test_mobile_tap_behavior
    ensure_scripture_widget_loaded(chrome_driver)
tests/test_scripture_widget.py:23: in ensure_scripture_widget_loaded
    WebDriverWait(driver, 10).until(
test-env/lib/python3.14/site-packages/selenium/webdriver/support/wait.py:121: in until
    raise TimeoutException(message, screen, stacktrace)
E   selenium.common.exceptions.TimeoutException: Message:
_________________ TestIOSSafari.test_mobile_responsive_design __________________
[gw4] darwin -- Python 3.14.2 /Users/andrewhall/repo/explore-scripture/test-env/bin/python
tests/test_ios_safari.py:342: in test_mobile_responsive_design
    assert size['height'] >= 30 or size['width'] >= 44, \
E   AssertionError: Interactive element should have adequate touch target size: {'height': 18, 'width': 29.5625}
E   assert (18 >= 30 or 29.5625 >= 44)
_________________________ test_scripture_widget_styles _________________________
[gw6] darwin -- Python 3.14.2 /Users/andrewhall/repo/explore-scripture/test-env/bin/python
tests/test_scripture_widget.py:136: in test_scripture_widget_styles
    ensure_scripture_widget_loaded(chrome_driver)
tests/test_scripture_widget.py:23: in ensure_scripture_widget_loaded
    WebDriverWait(driver, 10).until(
test-env/lib/python3.14/site-packages/selenium/webdriver/support/wait.py:121: in until
    raise TimeoutException(message, screen, stacktrace)
E   selenium.common.exceptions.TimeoutException: Message:
_________________ TestIOSSafari.test_mobile_performance_basic __________________
[gw4] darwin -- Python 3.14.2 /Users/andrewhall/repo/explore-scripture/test-env/bin/python
tests/test_ios_safari.py:354: in test_mobile_performance_basic
    WebDriverWait(driver, 15).until(
test-env/lib/python3.14/site-packages/selenium/webdriver/support/wait.py:121: in until
    raise TimeoutException(message, screen, stacktrace)
E   selenium.common.exceptions.TimeoutException: Message:
___________________ test_translation_selector_functionality ____________________
[gw6] darwin -- Python 3.14.2 /Users/andrewhall/repo/explore-scripture/test-env/bin/python
tests/test_scripture_widget.py:169: in test_translation_selector_functionality
    ensure_scripture_widget_loaded(chrome_driver)
tests/test_scripture_widget.py:23: in ensure_scripture_widget_loaded
    WebDriverWait(driver, 10).until(
test-env/lib/python3.14/site-packages/selenium/webdriver/support/wait.py:121: in until
    raise TimeoutException(message, screen, stacktrace)
E   selenium.common.exceptions.TimeoutException: Message:
__________________ TestIOSSafari.test_mobile_book_navigation ___________________
[gw4] darwin -- Python 3.14.2 /Users/andrewhall/repo/explore-scripture/test-env/bin/python
tests/test_ios_safari.py:402: in test_mobile_book_navigation
    assert "/books/" in driver.current_url, "Should navigate to book page"
E   AssertionError: Should navigate to book page
E   assert '/books/' in 'http://localhost:8080/categories/'
E    +  where 'http://localhost:8080/categories/' = <selenium.webdriver.safari.webdriver.WebDriver (session="41F17B13-4B60-475E-BE23-4354E2855A2E")>.current_url
_____________________ test_scripture_widget_error_handling _____________________
[gw6] darwin -- Python 3.14.2 /Users/andrewhall/repo/explore-scripture/test-env/bin/python
tests/test_scripture_widget.py:198: in test_scripture_widget_error_handling
    ensure_scripture_widget_loaded(chrome_driver)
tests/test_scripture_widget.py:23: in ensure_scripture_widget_loaded
    WebDriverWait(driver, 10).until(
test-env/lib/python3.14/site-packages/selenium/webdriver/support/wait.py:121: in until
    raise TimeoutException(message, screen, stacktrace)
E   selenium.common.exceptions.TimeoutException: Message:
________________ TestIOSSafari.test_mobile_accessibility_basics ________________
[gw4] darwin -- Python 3.14.2 /Users/andrewhall/repo/explore-scripture/test-env/bin/python
tests/test_ios_safari.py:425: in test_mobile_accessibility_basics
    images = driver.find_elements(By.TAG_NAME, "img")
             ^^^^^^^^^^^^^^^^^^^^^^^^^^^^^^^^^^^^^^^^
test-env/lib/python3.14/site-packages/selenium/webdriver/remote/webdriver.py:833: in find_elements
    return self.execute(Command.FIND_ELEMENTS, {"using": by, "value": value})["value"] or []
           ^^^^^^^^^^^^^^^^^^^^^^^^^^^^^^^^^^^^^^^^^^^^^^^^^^^^^^^^^^^^^^^^^^
test-env/lib/python3.14/site-packages/selenium/webdriver/remote/webdriver.py:432: in execute
    self.error_handler.check_response(response)
test-env/lib/python3.14/site-packages/selenium/webdriver/remote/errorhandler.py:232: in check_response
    raise exception_class(message, screen, stacktrace)
E   selenium.common.exceptions.TimeoutException: Message:
_____________________ test_scripture_widget_accessibility ______________________
[gw6] darwin -- Python 3.14.2 /Users/andrewhall/repo/explore-scripture/test-env/bin/python
tests/test_scripture_widget.py:238: in test_scripture_widget_accessibility
    ensure_scripture_widget_loaded(chrome_driver)
tests/test_scripture_widget.py:23: in ensure_scripture_widget_loaded
    WebDriverWait(driver, 10).until(
test-env/lib/python3.14/site-packages/selenium/webdriver/support/wait.py:121: in until
    raise TimeoutException(message, screen, stacktrace)
E   selenium.common.exceptions.TimeoutException: Message:
___________ TestRegressionFixes.test_responsive_table_design[chrome] ___________
[gw0] darwin -- Python 3.14.2 /Users/andrewhall/repo/explore-scripture/test-env/bin/python
tests/test_regression_fixes.py:515: in test_responsive_table_design
    assert wrapper_scroll, "Table should overflow when wrapper is visible"
E   AssertionError: Table should overflow when wrapper is visible
E   assert False
----------------------------- Captured stdout call -----------------------------

 Testing responsive table design...
Table wrapper found: True
Table wrapper overflow-x: visible
__________ TestRegressionFixes.test_responsive_table_design[firefox] ___________
[gw0] darwin -- Python 3.14.2 /Users/andrewhall/repo/explore-scripture/test-env/bin/python
tests/test_regression_fixes.py:515: in test_responsive_table_design
    assert wrapper_scroll, "Table should overflow when wrapper is visible"
E   AssertionError: Table should overflow when wrapper is visible
E   assert False
----------------------------- Captured stdout call -----------------------------

 Testing responsive table design...
Table wrapper found: True
Table wrapper overflow-x: visible
- generated xml file: /Users/andrewhall/repo/explore-scripture/tests/reports/selenium-20260124-223412/junit.xml -
- Generated html report: file:///Users/andrewhall/repo/explore-scripture/tests/reports/selenium-20260124-223412/report.html -
=========================== short test summary info ============================
FAILED tests/test_bible_explorer.py::TestBibleExplorer::test_homepage_loads - AssertionError: Critical JavaScript errors found: [{'level': 'SEVERE', 'message': 'network - A bad HTTP response code (404) was received when fetching the script.', 'source': 'network', 'timestamp': 1769312069680}]
assert 1 == 0
 +  where 1 = len([{'level': 'SEVERE', 'message': 'network - A bad HTTP response code (404) was received when fetching the script.', 'source': 'network', 'timestamp': 1769312069680}])
FAILED tests/test_bible_explorer.py::TestBibleExplorer::test_search_functionality - assert False
 +  where False = is_displayed()
 +    where is_displayed = <selenium.webdriver.remote.webelement.WebElement (session="89f446f0162e42a8b40c50e448a5a63d", element="f.254DBF25DA752457DD04427225946CB3.d.1411E29FBC2218B8839E43D23650B2D9.e.137")>.is_displayed
FAILED tests/test_scripture_widget.py::test_scripture_widget_loads - selenium.common.exceptions.TimeoutException: Message:
FAILED tests/test_ios_safari.py::TestIOSSafari::test_mobile_theme_toggle - AssertionError: Theme should change when toggle is clicked
assert None != None
FAILED tests/test_genealogy_visualization.py::TestGenealogyVisualization::test_royal_line_cluster_exists - AssertionError: Royal Line cluster should be available
assert (False or False)
 +  where False = any(<generator object TestGenealogyVisualization.test_royal_line_cluster_exists.<locals>.<genexpr> at 0x107ad3e00>)
 +  and   False = any(<generator object TestGenealogyVisualization.test_royal_line_cluster_exists.<locals>.<genexpr> at 0x107ad3c60>)
FAILED tests/test_scripture_widget.py::test_scripture_references_enhanced - selenium.common.exceptions.TimeoutException: Message:
FAILED tests/test_scripture_widget.py::test_desktop_hover_behavior - selenium.common.exceptions.TimeoutException: Message:
FAILED tests/test_genealogy_visualization.py::TestGenealogyVisualization::test_royal_line_cluster_loads - selenium.common.exceptions.NoSuchElementException: Message: Cannot locate option with value: cluster:royal_line; For documentation on this error, please visit: https://www.selenium.dev/documentation/webdriver/troubleshooting/errors#nosuchelementexception
FAILED tests/test_genealogy_visualization.py::TestGenealogyVisualization::test_cluster_has_expected_nodes - selenium.common.exceptions.NoSuchElementException: Message: Cannot locate option with value: cluster:royal_line; For documentation on this error, please visit: https://www.selenium.dev/documentation/webdriver/troubleshooting/errors#nosuchelementexception
FAILED tests/test_scripture_widget.py::test_mobile_tap_behavior - selenium.common.exceptions.TimeoutException: Message:
FAILED tests/test_ios_safari.py::TestIOSSafari::test_mobile_responsive_design - AssertionError: Interactive element should have adequate touch target size: {'height': 18, 'width': 29.5625}
assert (18 >= 30 or 29.5625 >= 44)
FAILED tests/test_scripture_widget.py::test_scripture_widget_styles - selenium.common.exceptions.TimeoutException: Message:
FAILED tests/test_ios_safari.py::TestIOSSafari::test_mobile_performance_basic - selenium.common.exceptions.TimeoutException: Message:
FAILED tests/test_scripture_widget.py::test_translation_selector_functionality - selenium.common.exceptions.TimeoutException: Message:
FAILED tests/test_ios_safari.py::TestIOSSafari::test_mobile_book_navigation - AssertionError: Should navigate to book page
assert '/books/' in 'http://localhost:8080/categories/'
 +  where 'http://localhost:8080/categories/' = <selenium.webdriver.safari.webdriver.WebDriver (session="41F17B13-4B60-475E-BE23-4354E2855A2E")>.current_url
FAILED tests/test_scripture_widget.py::test_scripture_widget_error_handling - selenium.common.exceptions.TimeoutException: Message:
FAILED tests/test_ios_safari.py::TestIOSSafari::test_mobile_accessibility_basics - selenium.common.exceptions.TimeoutException: Message:
FAILED tests/test_scripture_widget.py::test_scripture_widget_accessibility - selenium.common.exceptions.TimeoutException: Message:
FAILED tests/test_regression_fixes.py::TestRegressionFixes::test_responsive_table_design[chrome] - AssertionError: Table should overflow when wrapper is visible
assert False
FAILED tests/test_regression_fixes.py::TestRegressionFixes::test_responsive_table_design[firefox] - AssertionError: Table should overflow when wrapper is visible
assert False
ERROR tests/test_ios_safari.py::TestIOSSpecific::test_ios_safari_viewport_behavior - file /Users/andrewhall/repo/explore-scripture/tests/test_ios_safari.py, line 445
      def test_ios_safari_viewport_behavior(self, ios_driver, base_url):
E       fixture 'ios_driver' not found
>       available fixtures: cache, capfd, capfdbinary, caplog, capsys, capsysbinary, capteesys, chrome_driver, doctest_namespace, ensure_report_dirs, extra, extras, include_metadata_in_junit_xml, ios_simulator_driver, metadata, mobile_safari_driver, monkeypatch, pytestconfig, record_property, record_testsuite_property, record_xml_attribute, recwarn, safari_driver, server, subtests, testrun_uid, tmp_path, tmp_path_factory, tmpdir, tmpdir_factory, worker_id
>       use 'pytest --fixtures [testpath]' for help on them.

/Users/andrewhall/repo/explore-scripture/tests/test_ios_safari.py:445
ERROR tests/test_ios_safari.py::TestIOSSpecific::test_ios_touch_events - file /Users/andrewhall/repo/explore-scripture/tests/test_ios_safari.py, line 467
      def test_ios_touch_events(self, ios_driver, base_url):
E       fixture 'ios_driver' not found
>       available fixtures: cache, capfd, capfdbinary, caplog, capsys, capsysbinary, capteesys, chrome_driver, doctest_namespace, ensure_report_dirs, extra, extras, include_metadata_in_junit_xml, ios_simulator_driver, metadata, mobile_safari_driver, monkeypatch, pytestconfig, record_property, record_testsuite_property, record_xml_attribute, recwarn, safari_driver, server, subtests, testrun_uid, tmp_path, tmp_path_factory, tmpdir, tmpdir_factory, worker_id
>       use 'pytest --fixtures [testpath]' for help on them.

/Users/andrewhall/repo/explore-scripture/tests/test_ios_safari.py:467
======== 20 failed, 82 passed, 1 skipped, 2 errors in 215.12s (0:03:35) ========
Loaded test configuration from: /Users/andrewhall/repo/explore-scripture/.env.test.local
