Loaded test configuration from: /Users/andrewhall/repo/explore-scripture/.env.test.local
============================= test session starts ==============================
platform darwin -- Python 3.14.2, pytest-9.0.2, pluggy-1.6.0 -- /Users/andrewhall/repo/explore-scripture/test-env/bin/python
cachedir: .pytest_cache
metadata: {'Python': '3.14.2', 'Platform': 'macOS-26.2-arm64-arm-64bit-Mach-O', 'Packages': {'pytest': '9.0.2', 'pluggy': '1.6.0'}, 'Plugins': {'xdist': '3.8.0', 'metadata': '3.1.1', 'html': '4.2.0'}, 'JAVA_HOME': '/Library/Java/JavaVirtualMachines/temurin-17.jdk/Contents/Home'}
rootdir: /Users/andrewhall/repo/explore-scripture
configfile: pytest.ini
plugins: xdist-3.8.0, metadata-3.1.1, html-4.2.0
created: 2/2 workers
2 workers [105 items]

scheduling tests via LoadFileScheduling

tests/test_bible_explorer.py::TestBibleExplorer::test_homepage_loads 
tests/test_regression_fixes.py::TestRegressionFixes::test_theme_toggle_functionality[chrome] 
[gw1] [  0%] PASSED tests/test_bible_explorer.py::TestBibleExplorer::test_homepage_loads 
tests/test_bible_explorer.py::TestBibleExplorer::test_navigation_elements 
[gw1] [  1%] PASSED tests/test_bible_explorer.py::TestBibleExplorer::test_navigation_elements 
tests/test_bible_explorer.py::TestBibleExplorer::test_hero_section_content 
[gw1] [  2%] PASSED tests/test_bible_explorer.py::TestBibleExplorer::test_hero_section_content 
tests/test_bible_explorer.py::TestBibleExplorer::test_theme_toggle 
[gw1] [  3%] PASSED tests/test_bible_explorer.py::TestBibleExplorer::test_theme_toggle 
tests/test_bible_explorer.py::TestBibleExplorer::test_search_functionality 
[gw0] [  4%] PASSED tests/test_regression_fixes.py::TestRegressionFixes::test_theme_toggle_functionality[chrome] 
tests/test_regression_fixes.py::TestRegressionFixes::test_theme_toggle_functionality[firefox] 
[gw1] [  5%] PASSED tests/test_bible_explorer.py::TestBibleExplorer::test_search_functionality 
tests/test_bible_explorer.py::TestBibleExplorer::test_font_controls 
[gw1] [  6%] PASSED tests/test_bible_explorer.py::TestBibleExplorer::test_font_controls 
tests/test_bible_explorer.py::TestBibleExplorer::test_high_contrast_mode 
[gw1] [  7%] PASSED tests/test_bible_explorer.py::TestBibleExplorer::test_high_contrast_mode 
tests/test_bible_explorer.py::TestBibleExplorer::test_responsive_layout_mobile 
[gw1] [  8%] PASSED tests/test_bible_explorer.py::TestBibleExplorer::test_responsive_layout_mobile 
tests/test_bible_explorer.py::TestBibleExplorer::test_accessibility_features 
[gw0] [  9%] PASSED tests/test_regression_fixes.py::TestRegressionFixes::test_theme_toggle_functionality[firefox] 
tests/test_regression_fixes.py::TestRegressionFixes::test_chapter_reader_buttons_present[chrome] 
[gw1] [ 10%] PASSED tests/test_bible_explorer.py::TestBibleExplorer::test_accessibility_features 
tests/test_bible_explorer.py::TestBibleExplorer::test_page_performance 
[gw1] [ 11%] PASSED tests/test_bible_explorer.py::TestBibleExplorer::test_page_performance 
tests/test_bible_explorer.py::TestBibleExplorer::test_character_page_navigation 
[gw1] [ 12%] PASSED tests/test_bible_explorer.py::TestBibleExplorer::test_character_page_navigation 
tests/test_bible_explorer.py::TestBibleExplorer::test_css_loading_and_styling 
[gw1] [ 13%] PASSED tests/test_bible_explorer.py::TestBibleExplorer::test_css_loading_and_styling 
tests/test_bible_explorer.py::TestBibleExplorer::test_javascript_execution 
[gw1] [ 14%] PASSED tests/test_bible_explorer.py::TestBibleExplorer::test_javascript_execution 
tests/test_entities_system.py::TestEntitiesSystem::test_entities_page_loads 
[gw0] [ 15%] PASSED tests/test_regression_fixes.py::TestRegressionFixes::test_chapter_reader_buttons_present[chrome] 
tests/test_regression_fixes.py::TestRegressionFixes::test_chapter_reader_buttons_present[firefox] 
[gw1] [ 16%] PASSED tests/test_entities_system.py::TestEntitiesSystem::test_entities_page_loads 
tests/test_entities_system.py::TestEntitiesSystem::test_entity_search_functionality 
[gw1] [ 17%] PASSED tests/test_entities_system.py::TestEntitiesSystem::test_entity_search_functionality 
tests/test_entities_system.py::TestEntitiesSystem::test_individual_entity_page 
[gw0] [ 18%] PASSED tests/test_regression_fixes.py::TestRegressionFixes::test_chapter_reader_buttons_present[firefox] 
tests/test_regression_fixes.py::TestRegressionFixes::test_no_duplicate_chapter_reader_buttons[chrome] 
[gw1] [ 19%] PASSED tests/test_entities_system.py::TestEntitiesSystem::test_individual_entity_page 
tests/test_entities_system.py::TestEntitiesSystem::test_entity_profile_content_loads 
[gw0] [ 20%] PASSED tests/test_regression_fixes.py::TestRegressionFixes::test_no_duplicate_chapter_reader_buttons[chrome] 
tests/test_regression_fixes.py::TestRegressionFixes::test_no_duplicate_chapter_reader_buttons[firefox] 
[gw1] [ 20%] SKIPPED tests/test_entities_system.py::TestEntitiesSystem::test_entity_profile_content_loads 
tests/test_entities_system.py::TestEntitiesSystem::test_entity_cross_references 
[gw1] [ 21%] PASSED tests/test_entities_system.py::TestEntitiesSystem::test_entity_cross_references 
tests/test_entities_system.py::TestEntitiesSystem::test_entity_book_filtering 
[gw1] [ 22%] PASSED tests/test_entities_system.py::TestEntitiesSystem::test_entity_book_filtering 
tests/test_entities_system.py::TestEntitiesSystem::test_entities_filter_character_study_and_testament 
[gw0] [ 23%] PASSED tests/test_regression_fixes.py::TestRegressionFixes::test_no_duplicate_chapter_reader_buttons[firefox] 
tests/test_regression_fixes.py::TestRegressionFixes::test_youtube_videos_not_blocked[chrome] 
[gw1] [ 24%] PASSED tests/test_entities_system.py::TestEntitiesSystem::test_entities_filter_character_study_and_testament 
[gw0] [ 25%] PASSED tests/test_regression_fixes.py::TestRegressionFixes::test_youtube_videos_not_blocked[chrome] 
tests/test_entities_system.py::TestEntitiesSystem::test_entity_responsive_design 
tests/test_regression_fixes.py::TestRegressionFixes::test_youtube_videos_not_blocked[firefox] 
[gw1] [ 26%] PASSED tests/test_entities_system.py::TestEntitiesSystem::test_entity_responsive_design 
tests/test_entities_system.py::TestEntitiesSystem::test_entity_navigation_breadcrumbs 
[gw0] [ 27%] PASSED tests/test_regression_fixes.py::TestRegressionFixes::test_youtube_videos_not_blocked[firefox] 
tests/test_regression_fixes.py::TestRegressionFixes::test_biblegateway_integration_working[chrome] 
[gw0] [ 28%] PASSED tests/test_regression_fixes.py::TestRegressionFixes::test_biblegateway_integration_working[chrome] 
tests/test_regression_fixes.py::TestRegressionFixes::test_biblegateway_integration_working[firefox] 
[gw1] [ 29%] PASSED tests/test_entities_system.py::TestEntitiesSystem::test_entity_navigation_breadcrumbs 
tests/test_entities_system.py::TestEntitiesSystem::test_entity_error_handling 
[gw0] [ 30%] PASSED tests/test_regression_fixes.py::TestRegressionFixes::test_biblegateway_integration_working[firefox] 
tests/test_regression_fixes.py::TestRegressionFixes::test_javascript_modules_loading_correctly[chrome] 
[gw1] [ 31%] PASSED tests/test_entities_system.py::TestEntitiesSystem::test_entity_error_handling 
tests/test_entities_system.py::TestEntitiesSystem::test_entity_data_integrity 
[gw0] [ 32%] PASSED tests/test_regression_fixes.py::TestRegressionFixes::test_javascript_modules_loading_correctly[chrome] 
tests/test_regression_fixes.py::TestRegressionFixes::test_javascript_modules_loading_correctly[firefox] 
[gw1] [ 33%] PASSED tests/test_entities_system.py::TestEntitiesSystem::test_entity_data_integrity 
tests/test_entities_system.py::TestEntitiesSystem::test_parables_page_loads 
[gw1] [ 34%] PASSED tests/test_entities_system.py::TestEntitiesSystem::test_parables_page_loads 
tests/test_entities_system.py::TestEntitiesSystem::test_people_groups_page_loads 
[gw1] [ 35%] PASSED tests/test_entities_system.py::TestEntitiesSystem::test_people_groups_page_loads 
tests/test_genealogy_visualization.py::TestGenealogyVisualization::test_genealogy_page_loads 
[gw0] [ 36%] PASSED tests/test_regression_fixes.py::TestRegressionFixes::test_javascript_modules_loading_correctly[firefox] 
[gw1] [ 37%] PASSED tests/test_genealogy_visualization.py::TestGenealogyVisualization::test_genealogy_page_loads 
tests/test_genealogy_visualization.py::TestGenealogyVisualization::test_cluster_dropdown_exists 
tests/test_regression_fixes.py::TestRegressionFixes::test_critical_css_loading[chrome] 
[gw0] [ 38%] PASSED tests/test_regression_fixes.py::TestRegressionFixes::test_critical_css_loading[chrome] 
tests/test_regression_fixes.py::TestRegressionFixes::test_critical_css_loading[firefox] 
[gw1] [ 39%] PASSED tests/test_genealogy_visualization.py::TestGenealogyVisualization::test_cluster_dropdown_exists 
tests/test_genealogy_visualization.py::TestGenealogyVisualization::test_royal_line_cluster_exists 
[gw1] [ 40%] PASSED tests/test_genealogy_visualization.py::TestGenealogyVisualization::test_royal_line_cluster_exists 
tests/test_genealogy_visualization.py::TestGenealogyVisualization::test_messianic_line_checkbox 
[gw0] [ 40%] PASSED tests/test_regression_fixes.py::TestRegressionFixes::test_critical_css_loading[firefox] 
[gw1] [ 41%] PASSED tests/test_genealogy_visualization.py::TestGenealogyVisualization::test_messianic_line_checkbox 
tests/test_genealogy_visualization.py::TestGenealogyVisualization::test_tree_nodes_render 
tests/test_regression_fixes.py::TestRegressionFixes::test_service_worker_registration[chrome] 
[gw1] [ 42%] PASSED tests/test_genealogy_visualization.py::TestGenealogyVisualization::test_tree_nodes_render 
tests/test_genealogy_visualization.py::TestGenealogyVisualization::test_messianic_line_highlighting 
[gw0] [ 43%] PASSED tests/test_regression_fixes.py::TestRegressionFixes::test_service_worker_registration[chrome] 
tests/test_regression_fixes.py::TestRegressionFixes::test_service_worker_registration[firefox] 
[gw1] [ 44%] PASSED tests/test_genealogy_visualization.py::TestGenealogyVisualization::test_messianic_line_highlighting 
tests/test_genealogy_visualization.py::TestGenealogyVisualization::test_tooltip_appears_on_hover 
[gw0] [ 45%] PASSED tests/test_regression_fixes.py::TestRegressionFixes::test_service_worker_registration[firefox] 
tests/test_regression_fixes.py::TestRegressionFixes::test_offline_functionality[chrome] 
[gw1] [ 46%] PASSED tests/test_genealogy_visualization.py::TestGenealogyVisualization::test_tooltip_appears_on_hover 
tests/test_genealogy_visualization.py::TestGenealogyVisualization::test_royal_line_cluster_loads 
[gw0] [ 47%] PASSED tests/test_regression_fixes.py::TestRegressionFixes::test_offline_functionality[chrome] 
tests/test_regression_fixes.py::TestRegressionFixes::test_offline_functionality[firefox] 
[gw1] [ 48%] PASSED tests/test_genealogy_visualization.py::TestGenealogyVisualization::test_royal_line_cluster_loads 
tests/test_genealogy_visualization.py::TestGenealogyVisualization::test_cluster_has_expected_nodes 
[gw0] [ 49%] PASSED tests/test_regression_fixes.py::TestRegressionFixes::test_offline_functionality[firefox] 
[gw1] [ 50%] PASSED tests/test_genealogy_visualization.py::TestGenealogyVisualization::test_cluster_has_expected_nodes 
tests/test_genealogy_visualization.py::TestGenealogyVisualization::test_circle_fill_states 
tests/test_regression_fixes.py::TestRegressionFixes::test_search_functionality_basic[chrome] 
[gw1] [ 51%] PASSED tests/test_genealogy_visualization.py::TestGenealogyVisualization::test_circle_fill_states 
tests/test_genealogy_visualization.py::TestGenealogyVisualization::test_search_functionality_exists 
[gw1] [ 52%] PASSED tests/test_genealogy_visualization.py::TestGenealogyVisualization::test_search_functionality_exists 
tests/test_genealogy_visualization.py::TestGenealogyVisualization::test_zoom_controls_exist 
[gw0] [ 53%] PASSED tests/test_regression_fixes.py::TestRegressionFixes::test_search_functionality_basic[chrome] 
tests/test_regression_fixes.py::TestRegressionFixes::test_search_functionality_basic[firefox] 
[gw1] [ 54%] PASSED tests/test_genealogy_visualization.py::TestGenealogyVisualization::test_zoom_controls_exist 
tests/test_genealogy_visualization.py::TestGenealogyVisualization::test_data_file_accessible 
[gw1] [ 55%] PASSED tests/test_genealogy_visualization.py::TestGenealogyVisualization::test_data_file_accessible 
tests/test_ios_safari.py::TestIOSSafari::test_mobile_homepage_loads 
[gw0] [ 56%] PASSED tests/test_regression_fixes.py::TestRegressionFixes::test_search_functionality_basic[firefox] 
tests/test_regression_fixes.py::TestRegressionFixes::test_responsive_design_basics[chrome] 
[gw0] [ 57%] PASSED tests/test_regression_fixes.py::TestRegressionFixes::test_responsive_design_basics[chrome] 
tests/test_regression_fixes.py::TestRegressionFixes::test_responsive_design_basics[firefox] 
[gw0] [ 58%] PASSED tests/test_regression_fixes.py::TestRegressionFixes::test_responsive_design_basics[firefox] 
tests/test_regression_fixes.py::TestRegressionFixes::test_responsive_table_design[chrome] 
[gw0] [ 59%] PASSED tests/test_regression_fixes.py::TestRegressionFixes::test_responsive_table_design[chrome] 
tests/test_regression_fixes.py::TestRegressionFixes::test_responsive_table_design[firefox] 
[gw0] [ 60%] PASSED tests/test_regression_fixes.py::TestRegressionFixes::test_responsive_table_design[firefox] 
tests/test_regression_fixes.py::TestRegressionFixes::test_accessibility_aria_labels[chrome] 
[gw1] [ 60%] SKIPPED tests/test_ios_safari.py::TestIOSSafari::test_mobile_homepage_loads 
tests/test_ios_safari.py::TestIOSSafari::test_mobile_navigation_menu 
[gw0] [ 61%] PASSED tests/test_regression_fixes.py::TestRegressionFixes::test_accessibility_aria_labels[chrome] 
tests/test_regression_fixes.py::TestRegressionFixes::test_accessibility_aria_labels[firefox] 
[gw0] [ 62%] PASSED tests/test_regression_fixes.py::TestRegressionFixes::test_accessibility_aria_labels[firefox] 
tests/test_regression_fixes.py::TestRegressionFixes::test_key_figures_position[chrome] 
[gw0] [ 63%] PASSED tests/test_regression_fixes.py::TestRegressionFixes::test_key_figures_position[chrome] 
tests/test_regression_fixes.py::TestRegressionFixes::test_key_figures_position[firefox] 
[gw0] [ 64%] PASSED tests/test_regression_fixes.py::TestRegressionFixes::test_key_figures_position[firefox] 
tests/test_commentary_system.py::TestCommentarySystem::test_commentary_buttons_exist 
[gw0] [ 65%] PASSED tests/test_commentary_system.py::TestCommentarySystem::test_commentary_buttons_exist 
tests/test_commentary_system.py::TestCommentarySystem::test_commentary_modal_opens 
[gw0] [ 66%] PASSED tests/test_commentary_system.py::TestCommentarySystem::test_commentary_modal_opens 
tests/test_commentary_system.py::TestCommentarySystem::test_commentary_source_switching 
[gw0] [ 67%] PASSED tests/test_commentary_system.py::TestCommentarySystem::test_commentary_source_switching 
tests/test_commentary_system.py::TestCommentarySystem::test_iframe_vs_direct_access_handling 
[gw0] [ 68%] PASSED tests/test_commentary_system.py::TestCommentarySystem::test_iframe_vs_direct_access_handling 
tests/test_commentary_system.py::TestCommentarySystem::test_book_name_edge_cases 
[gw1] [ 69%] SKIPPED tests/test_ios_safari.py::TestIOSSafari::test_mobile_navigation_menu 
tests/test_ios_safari.py::TestIOSSafari::test_mobile_theme_toggle 
[gw0] [ 70%] PASSED tests/test_commentary_system.py::TestCommentarySystem::test_book_name_edge_cases 
tests/test_commentary_system.py::TestCommentarySystem::test_modal_keyboard_navigation 
[gw0] [ 71%] PASSED tests/test_commentary_system.py::TestCommentarySystem::test_modal_keyboard_navigation 
tests/test_commentary_system.py::TestCommentarySystem::test_chapter_reader_integration 
[gw1] [ 72%] SKIPPED tests/test_ios_safari.py::TestIOSSafari::test_mobile_theme_toggle 
tests/test_ios_safari.py::TestIOSSafari::test_mobile_character_search 
[gw0] [ 73%] PASSED tests/test_commentary_system.py::TestCommentarySystem::test_chapter_reader_integration 
tests/test_commentary_system.py::TestCommentarySystem::test_mobile_responsiveness 
[gw0] [ 74%] PASSED tests/test_commentary_system.py::TestCommentarySystem::test_mobile_responsiveness 
tests/test_commentary_system.py::TestCommentarySystem::test_all_books_have_commentary_buttons 
[gw0] [ 75%] PASSED tests/test_commentary_system.py::TestCommentarySystem::test_all_books_have_commentary_buttons 
tests/test_scripture_widget.py::test_scripture_widget_loads 
[gw0] [ 76%] PASSED tests/test_scripture_widget.py::test_scripture_widget_loads 
tests/test_scripture_widget.py::test_scripture_references_enhanced 
[gw1] [ 77%] SKIPPED tests/test_ios_safari.py::TestIOSSafari::test_mobile_character_search 
tests/test_ios_safari.py::TestIOSSafari::test_mobile_chapter_reader 
[gw0] [ 78%] PASSED tests/test_scripture_widget.py::test_scripture_references_enhanced 
tests/test_scripture_widget.py::test_desktop_hover_behavior 
[gw0] [ 79%] PASSED tests/test_scripture_widget.py::test_desktop_hover_behavior 
tests/test_scripture_widget.py::test_mobile_tap_behavior 
[gw0] [ 80%] PASSED tests/test_scripture_widget.py::test_mobile_tap_behavior 
tests/test_scripture_widget.py::test_scripture_widget_styles 
[gw0] [ 80%] PASSED tests/test_scripture_widget.py::test_scripture_widget_styles 
tests/test_scripture_widget.py::test_translation_selector_functionality 
[gw0] [ 81%] PASSED tests/test_scripture_widget.py::test_translation_selector_functionality 
tests/test_scripture_widget.py::test_scripture_widget_error_handling 
[gw0] [ 82%] PASSED tests/test_scripture_widget.py::test_scripture_widget_error_handling 
tests/test_scripture_widget.py::test_scripture_macros_rendering 
[gw0] [ 83%] PASSED tests/test_scripture_widget.py::test_scripture_macros_rendering 
tests/test_scripture_widget.py::test_scripture_widget_accessibility 
[gw0] [ 84%] PASSED tests/test_scripture_widget.py::test_scripture_widget_accessibility 
tests/test_env_config.py::test_environment_variables_loaded 
[gw0] [ 85%] PASSED tests/test_env_config.py::test_environment_variables_loaded 
tests/test_env_config.py::test_base_url_selection 
[gw0] [ 86%] PASSED tests/test_env_config.py::test_base_url_selection 
tests/test_env_config.py::test_test_urls_generated 
[gw0] [ 87%] PASSED tests/test_env_config.py::test_test_urls_generated 
tests/test_env_config.py::test_browser_configuration 
[gw0] [ 88%] PASSED tests/test_env_config.py::test_browser_configuration 
tests/test_env_config.py::test_timeout_configuration 
[gw0] [ 89%] PASSED tests/test_env_config.py::test_timeout_configuration 
tests/test_e2e_ui.py::TestE2EUI::test_global_search_direct_reference 
[gw1] [ 90%] SKIPPED tests/test_ios_safari.py::TestIOSSafari::test_mobile_chapter_reader 
tests/test_ios_safari.py::TestIOSSafari::test_mobile_scripture_widget 
[gw0] [ 91%] PASSED tests/test_e2e_ui.py::TestE2EUI::test_global_search_direct_reference 
tests/test_e2e_ui.py::TestE2EUI::test_sections_browse_cards 
[gw0] [ 92%] PASSED tests/test_e2e_ui.py::TestE2EUI::test_sections_browse_cards 
tests/test_e2e_ui.py::TestE2EUI::test_quick_access_panel_toggle 
[gw0] [ 93%] PASSED tests/test_e2e_ui.py::TestE2EUI::test_quick_access_panel_toggle 
[gw1] [ 94%] SKIPPED tests/test_ios_safari.py::TestIOSSafari::test_mobile_scripture_widget 
tests/test_ios_safari.py::TestIOSSafari::test_mobile_responsive_design 
[gw1] [ 95%] SKIPPED tests/test_ios_safari.py::TestIOSSafari::test_mobile_responsive_design 
tests/test_ios_safari.py::TestIOSSafari::test_mobile_performance_basic 
[gw1] [ 96%] SKIPPED tests/test_ios_safari.py::TestIOSSafari::test_mobile_performance_basic 
tests/test_ios_safari.py::TestIOSSafari::test_mobile_book_navigation 
[gw1] [ 97%] SKIPPED tests/test_ios_safari.py::TestIOSSafari::test_mobile_book_navigation 
tests/test_ios_safari.py::TestIOSSafari::test_mobile_accessibility_basics 
[gw1] [ 98%] SKIPPED tests/test_ios_safari.py::TestIOSSafari::test_mobile_accessibility_basics 
tests/test_ios_safari.py::TestIOSSpecific::test_ios_safari_viewport_behavior 
[gw1] [ 99%] SKIPPED tests/test_ios_safari.py::TestIOSSpecific::test_ios_safari_viewport_behavior 
tests/test_ios_safari.py::TestIOSSpecific::test_ios_touch_events 
[gw1] [100%] SKIPPED tests/test_ios_safari.py::TestIOSSpecific::test_ios_touch_events 

- generated xml file: /Users/andrewhall/repo/explore-scripture/tests/reports/selenium-20260125-144109/junit.xml -
============================= slowest 20 durations =============================
78.75s setup    tests/test_ios_safari.py::TestIOSSafari::test_mobile_homepage_loads
75.16s setup    tests/test_ios_safari.py::TestIOSSafari::test_mobile_navigation_menu
58.49s setup    tests/test_ios_safari.py::TestIOSSafari::test_mobile_character_search
57.06s setup    tests/test_ios_safari.py::TestIOSSafari::test_mobile_theme_toggle
54.44s setup    tests/test_ios_safari.py::TestIOSSafari::test_mobile_chapter_reader
54.22s setup    tests/test_ios_safari.py::TestIOSSafari::test_mobile_performance_basic
53.90s setup    tests/test_ios_safari.py::TestIOSSpecific::test_ios_touch_events
53.51s setup    tests/test_ios_safari.py::TestIOSSafari::test_mobile_scripture_widget
50.69s setup    tests/test_ios_safari.py::TestIOSSafari::test_mobile_book_navigation
50.54s setup    tests/test_ios_safari.py::TestIOSSafari::test_mobile_accessibility_basics
50.12s setup    tests/test_ios_safari.py::TestIOSSpecific::test_ios_safari_viewport_behavior
49.78s setup    tests/test_ios_safari.py::TestIOSSafari::test_mobile_responsive_design
30.20s call     tests/test_commentary_system.py::TestCommentarySystem::test_chapter_reader_integration
22.73s call     tests/test_scripture_widget.py::test_scripture_macros_rendering
22.07s call     tests/test_commentary_system.py::TestCommentarySystem::test_book_name_edge_cases
21.39s call     tests/test_commentary_system.py::TestCommentarySystem::test_all_books_have_commentary_buttons
17.24s call     tests/test_regression_fixes.py::TestRegressionFixes::test_responsive_table_design[firefox]
15.34s call     tests/test_regression_fixes.py::TestRegressionFixes::test_accessibility_aria_labels[chrome]
12.81s call     tests/test_commentary_system.py::TestCommentarySystem::test_modal_keyboard_navigation
12.70s call     tests/test_regression_fixes.py::TestRegressionFixes::test_accessibility_aria_labels[firefox]
- Generated html report: file:///Users/andrewhall/repo/explore-scripture/tests/reports/selenium-20260125-144109/report.html -
================== 92 passed, 13 skipped in 803.50s (0:13:23) ==================
Loaded test configuration from: /Users/andrewhall/repo/explore-scripture/.env.test.local
