Loaded test configuration from: /Users/andrewhall/repo/explore-scripture/.env.test.local
============================= test session starts ==============================
platform darwin -- Python 3.14.2, pytest-9.0.2, pluggy-1.6.0 -- /Users/andrewhall/repo/explore-scripture/test-env/bin/python
cachedir: .pytest_cache
metadata: {'Python': '3.14.2', 'Platform': 'macOS-26.2-arm64-arm-64bit-Mach-O', 'Packages': {'pytest': '9.0.2', 'pluggy': '1.6.0'}, 'Plugins': {'xdist': '3.8.0', 'metadata': '3.1.1', 'html': '4.2.0'}, 'JAVA_HOME': '/Library/Java/JavaVirtualMachines/temurin-17.jdk/Contents/Home'}
rootdir: /Users/andrewhall/repo/explore-scripture
configfile: pytest.ini
plugins: xdist-3.8.0, metadata-3.1.1, html-4.2.0
collecting ... collected 96 items / 1 error

==================================== ERRORS ====================================
_______________ ERROR collecting tests/test_scripture_widget.py ________________
'accessibility' not found in `markers` configuration option
- generated xml file: /Users/andrewhall/repo/explore-scripture/tests/reports/selenium-20260124-223257/junit.xml -
- Generated html report: file:///Users/andrewhall/repo/explore-scripture/tests/reports/selenium-20260124-223257/report.html -
=========================== short test summary info ============================
ERROR tests/test_scripture_widget.py - Failed: 'accessibility' not found in `...
!!!!!!!!!!!!!!!!!!!! Interrupted: 1 error during collection !!!!!!!!!!!!!!!!!!!!
=============================== 1 error in 0.27s ===============================
