<?xml version="1.0" encoding="utf-8"?><testsuites name="pytest tests"><testsuite name="pytest" errors="0" failures="1" skipped="13" tests="105" time="948.437" timestamp="2026-01-25T11:27:42.795441-05:00" hostname="Andrews-MacBook-Pro.local"><testcase classname="tests.test_env_config" name="test_environment_variables_loaded" time="0.001" /><testcase classname="tests.test_env_config" name="test_base_url_selection" time="0.000" /><testcase classname="tests.test_env_config" name="test_test_urls_generated" time="0.000" /><testcase classname="tests.test_env_config" name="test_browser_configuration" time="0.000" /><testcase classname="tests.test_env_config" name="test_timeout_configuration" time="0.000" /><testcase classname="tests.test_entities_system.TestEntitiesSystem" name="test_entities_page_loads" time="32.088" /><testcase classname="tests.test_scripture_widget" name="test_scripture_widget_loads" time="35.728" /><testcase classname="tests.test_bible_explorer.TestBibleExplorer" name="test_homepage_loads" time="34.647" /><testcase classname="tests.test_commentary_system.TestCommentarySystem" name="test_commentary_buttons_exist" time="48.318" /><testcase classname="tests.test_regression_fixes.TestRegressionFixes" name="test_theme_toggle_functionality[chrome]" time="43.072" /><testcase classname="tests.test_e2e_ui.TestE2EUI" name="test_global_search_direct_reference" time="69.732" /><testcase classname="tests.test_genealogy_visualization.TestGenealogyVisualization" name="test_genealogy_page_loads" time="39.930" /><testcase classname="tests.test_entities_system.TestEntitiesSystem" name="test_entity_search_functionality" time="14.370" /><testcase classname="tests.test_bible_explorer.TestBibleExplorer" name="test_navigation_elements" time="0.350" /><testcase classname="tests.test_bible_explorer.TestBibleExplorer" name="test_hero_section_content" time="0.182" /><testcase classname="tests.test_bible_explorer.TestBibleExplorer" name="test_theme_toggle" time="1.802" /><testcase classname="tests.test_bible_explorer.TestBibleExplorer" name="test_search_functionality" time="2.027" /><testcase classname="tests.test_scripture_widget" name="test_scripture_references_enhanced" time="17.069" /><testcase classname="tests.test_bible_explorer.TestBibleExplorer" name="test_font_controls" time="1.433" /><testcase classname="tests.test_bible_explorer.TestBibleExplorer" name="test_high_contrast_mode" time="1.108" /><testcase classname="tests.test_genealogy_visualization.TestGenealogyVisualization" name="test_cluster_dropdown_exists" time="13.671" /><testcase classname="tests.test_bible_explorer.TestBibleExplorer" name="test_responsive_layout_mobile" time="1.007" /><testcase classname="tests.test_bible_explorer.TestBibleExplorer" name="test_accessibility_features" time="10.292" /><testcase classname="tests.test_entities_system.TestEntitiesSystem" name="test_individual_entity_page" time="38.316" /><testcase classname="tests.test_commentary_system.TestCommentarySystem" name="test_commentary_modal_opens" time="34.145" /><testcase classname="tests.test_bible_explorer.TestBibleExplorer" name="test_page_performance" time="0.936" /><testcase classname="tests.test_bible_explorer.TestBibleExplorer" name="test_character_page_navigation" time="2.436" /><testcase classname="tests.test_bible_explorer.TestBibleExplorer" name="test_css_loading_and_styling" time="0.382" /><testcase classname="tests.test_bible_explorer.TestBibleExplorer" name="test_javascript_execution" time="0.681" /><testcase classname="tests.test_scripture_widget" name="test_desktop_hover_behavior" time="29.749" /><testcase classname="tests.test_genealogy_visualization.TestGenealogyVisualization" name="test_royal_line_cluster_exists" time="27.847" /><testcase classname="tests.test_regression_fixes.TestRegressionFixes" name="test_theme_toggle_functionality[firefox]" time="44.639" /><testcase classname="tests.test_e2e_ui.TestE2EUI" name="test_sections_browse_cards" time="14.995" /><testcase classname="tests.test_genealogy_visualization.TestGenealogyVisualization" name="test_messianic_line_checkbox" time="38.821" /><testcase classname="tests.test_scripture_widget" name="test_mobile_tap_behavior" time="36.502" /><testcase classname="tests.test_commentary_system.TestCommentarySystem" name="test_commentary_source_switching" time="44.396" /><testcase classname="tests.test_entities_system.TestEntitiesSystem" name="test_entity_profile_content_loads" time="37.261"><skipped type="pytest.skip" message="Entity not found for profile test">/Users/andrewhall/repo/explore-scripture/tests/test_entities_system.py:143: Entity not found for profile test</skipped></testcase><testcase classname="tests.test_e2e_ui.TestE2EUI" name="test_quick_access_panel_toggle" time="24.375" /><testcase classname="tests.test_regression_fixes.TestRegressionFixes" name="test_chapter_reader_buttons_present[chrome]" time="48.891" /><testcase classname="tests.test_ios_safari.TestIOSSafari" name="test_mobile_homepage_loads" time="123.501"><skipped type="pytest.skip" message="iOS Simulator not available. Ensure Appium server is running and a simulator/device is booted. Details: Message: An unknown server-side error occurred while processing the command. Original error: Unable to start WebDriverAgent session. Original error: Could not proxy command to the remote server. Original error: connect ECONNREFUSED 127.0.0.1:8100&#10;Stacktrace:&#10;UnknownError: An unknown server-side error occurred while processing the command. Original error: Unable to start WebDriverAgent session. Original error: Could not proxy command to the remote server. Original error: connect ECONNREFUSED 127.0.0.1:8100&#10;    at getResponseForW3CError (/Users/andrewhall/.nvm/versions/node/v24.9.0/lib/node_modules/appium/node_modules/@appium/base-driver/lib/protocol/errors.js:1143:9)&#10;    at asyncHandler (/Users/andrewhall/.nvm/versions/node/v24.9.0/lib/node_modules/appium/node_modules/@appium/base-driver/lib/protocol/protocol.js:487:57)">/Users/andrewhall/repo/explore-scripture/tests/test_ios_safari.py:27: iOS Simulator not available. Ensure Appium server is running and a simulator/device is booted. Details: Message: An unknown server-side error occurred while processing the command. Original error: Unable to start WebDriverAgent session. Original error: Could not proxy command to the remote server. Original error: connect ECONNREFUSED 127.0.0.1:8100
Stacktrace:
UnknownError: An unknown server-side error occurred while processing the command. Original error: Unable to start WebDriverAgent session. Original error: Could not proxy command to the remote server. Original error: connect ECONNREFUSED 127.0.0.1:8100
    at getResponseForW3CError (/Users/andrewhall/.nvm/versions/node/v24.9.0/lib/node_modules/appium/node_modules/@appium/base-driver/lib/protocol/errors.js:1143:9)
    at asyncHandler (/Users/andrewhall/.nvm/versions/node/v24.9.0/lib/node_modules/appium/node_modules/@appium/base-driver/lib/protocol/protocol.js:487:57)</skipped></testcase><testcase classname="tests.test_scripture_widget" name="test_scripture_widget_styles" time="28.519" /><testcase classname="tests.test_genealogy_visualization.TestGenealogyVisualization" name="test_tree_nodes_render" time="31.460" /><testcase classname="tests.test_entities_system.TestEntitiesSystem" name="test_entity_cross_references" time="36.027" /><testcase classname="tests.test_commentary_system.TestCommentarySystem" name="test_iframe_vs_direct_access_handling" time="34.569" /><testcase classname="tests.test_regression_fixes.TestRegressionFixes" name="test_chapter_reader_buttons_present[firefox]" time="26.049" /><testcase classname="tests.test_scripture_widget" name="test_translation_selector_functionality" time="12.100" /><testcase classname="tests.test_genealogy_visualization.TestGenealogyVisualization" name="test_messianic_line_highlighting" time="11.604" /><testcase classname="tests.test_entities_system.TestEntitiesSystem" name="test_entity_book_filtering" time="8.222" /><testcase classname="tests.test_scripture_widget" name="test_scripture_widget_error_handling" time="11.724" /><testcase classname="tests.test_commentary_system.TestCommentarySystem" name="test_book_name_edge_cases" time="81.329" /><testcase classname="tests.test_regression_fixes.TestRegressionFixes" name="test_no_duplicate_chapter_reader_buttons[chrome]" time="41.373" /><testcase classname="tests.test_genealogy_visualization.TestGenealogyVisualization" name="test_tooltip_appears_on_hover" time="30.795" /><testcase classname="tests.test_entities_system.TestEntitiesSystem" name="test_entities_filter_character_study_and_testament" time="28.006" /><testcase classname="tests.test_scripture_widget" name="test_scripture_macros_rendering" time="22.884" /><testcase classname="tests.test_entities_system.TestEntitiesSystem" name="test_entity_responsive_design" time="9.791" /><testcase classname="tests.test_scripture_widget" name="test_scripture_widget_accessibility" time="8.844" /><testcase classname="tests.test_genealogy_visualization.TestGenealogyVisualization" name="test_royal_line_cluster_loads" time="10.383"><failure message="selenium.common.exceptions.NoSuchElementException: Message: Cannot locate option with value: cluster:royal; For documentation on this error, please visit: https://www.selenium.dev/documentation/webdriver/troubleshooting/errors#nosuchelementexception">tests/test_genealogy_visualization.py:168: in test_royal_line_cluster_loads
    select.select_by_value('cluster:royal')
test-env/lib/python3.14/site-packages/selenium/webdriver/support/select.py:85: in select_by_value
    raise NoSuchElementException(f"Cannot locate option with value: {value}")
E   selenium.common.exceptions.NoSuchElementException: Message: Cannot locate option with value: cluster:royal; For documentation on this error, please visit: https://www.selenium.dev/documentation/webdriver/troubleshooting/errors#nosuchelementexception</failure></testcase><testcase classname="tests.test_ios_safari.TestIOSSafari" name="test_mobile_navigation_menu" time="79.757"><skipped type="pytest.skip" message="iOS Simulator not available. Ensure Appium server is running and a simulator/device is booted. Details: Message: An unknown server-side error occurred while processing the command. Original error: Unable to start WebDriverAgent session. Original error: Could not proxy command to the remote server. Original error: connect ECONNREFUSED 127.0.0.1:8100&#10;Stacktrace:&#10;UnknownError: An unknown server-side error occurred while processing the command. Original error: Unable to start WebDriverAgent session. Original error: Could not proxy command to the remote server. Original error: connect ECONNREFUSED 127.0.0.1:8100&#10;    at getResponseForW3CError (/Users/andrewhall/.nvm/versions/node/v24.9.0/lib/node_modules/appium/node_modules/@appium/base-driver/lib/protocol/errors.js:1143:9)&#10;    at asyncHandler (/Users/andrewhall/.nvm/versions/node/v24.9.0/lib/node_modules/appium/node_modules/@appium/base-driver/lib/protocol/protocol.js:487:57)">/Users/andrewhall/repo/explore-scripture/tests/test_ios_safari.py:45: iOS Simulator not available. Ensure Appium server is running and a simulator/device is booted. Details: Message: An unknown server-side error occurred while processing the command. Original error: Unable to start WebDriverAgent session. Original error: Could not proxy command to the remote server. Original error: connect ECONNREFUSED 127.0.0.1:8100
Stacktrace:
UnknownError: An unknown server-side error occurred while processing the command. Original error: Unable to start WebDriverAgent session. Original error: Could not proxy command to the remote server. Original error: connect ECONNREFUSED 127.0.0.1:8100
    at getResponseForW3CError (/Users/andrewhall/.nvm/versions/node/v24.9.0/lib/node_modules/appium/node_modules/@appium/base-driver/lib/protocol/errors.js:1143:9)
    at asyncHandler (/Users/andrewhall/.nvm/versions/node/v24.9.0/lib/node_modules/appium/node_modules/@appium/base-driver/lib/protocol/protocol.js:487:57)</skipped></testcase><testcase classname="tests.test_entities_system.TestEntitiesSystem" name="test_entity_navigation_breadcrumbs" time="32.686" /><testcase classname="tests.test_genealogy_visualization.TestGenealogyVisualization" name="test_cluster_has_expected_nodes" time="27.467" /><testcase classname="tests.test_regression_fixes.TestRegressionFixes" name="test_no_duplicate_chapter_reader_buttons[firefox]" time="32.430" /><testcase classname="tests.test_genealogy_visualization.TestGenealogyVisualization" name="test_circle_fill_states" time="6.272" /><testcase classname="tests.test_regression_fixes.TestRegressionFixes" name="test_youtube_videos_not_blocked[chrome]" time="4.792" /><testcase classname="tests.test_entities_system.TestEntitiesSystem" name="test_entity_error_handling" time="7.502" /><testcase classname="tests.test_genealogy_visualization.TestGenealogyVisualization" name="test_search_functionality_exists" time="6.677" /><testcase classname="tests.test_commentary_system.TestCommentarySystem" name="test_modal_keyboard_navigation" time="40.067" /><testcase classname="tests.test_regression_fixes.TestRegressionFixes" name="test_youtube_videos_not_blocked[firefox]" time="17.331" /><testcase classname="tests.test_entities_system.TestEntitiesSystem" name="test_entity_data_integrity" time="23.532" /><testcase classname="tests.test_genealogy_visualization.TestGenealogyVisualization" name="test_zoom_controls_exist" time="25.450" /><testcase classname="tests.test_regression_fixes.TestRegressionFixes" name="test_biblegateway_integration_working[chrome]" time="19.159" /><testcase classname="tests.test_entities_system.TestEntitiesSystem" name="test_parables_page_loads" time="7.149" /><testcase classname="tests.test_genealogy_visualization.TestGenealogyVisualization" name="test_data_file_accessible" time="2.361" /><testcase classname="tests.test_entities_system.TestEntitiesSystem" name="test_people_groups_page_loads" time="1.504" /><testcase classname="tests.test_regression_fixes.TestRegressionFixes" name="test_biblegateway_integration_working[firefox]" time="19.340" /><testcase classname="tests.test_commentary_system.TestCommentarySystem" name="test_chapter_reader_integration" time="23.316" /><testcase classname="tests.test_regression_fixes.TestRegressionFixes" name="test_javascript_modules_loading_correctly[chrome]" time="4.571" /><testcase classname="tests.test_regression_fixes.TestRegressionFixes" name="test_javascript_modules_loading_correctly[firefox]" time="8.915" /><testcase classname="tests.test_ios_safari.TestIOSSafari" name="test_mobile_theme_toggle" time="102.737"><skipped type="pytest.skip" message="iOS Simulator not available. Ensure Appium server is running and a simulator/device is booted. Details: Message: An unknown server-side error occurred while processing the command. Original error: Unable to start WebDriverAgent session. Original error: Could not proxy command to the remote server. Original error: connect ECONNREFUSED 127.0.0.1:8100&#10;Stacktrace:&#10;UnknownError: An unknown server-side error occurred while processing the command. Original error: Unable to start WebDriverAgent session. Original error: Could not proxy command to the remote server. Original error: connect ECONNREFUSED 127.0.0.1:8100&#10;    at getResponseForW3CError (/Users/andrewhall/.nvm/versions/node/v24.9.0/lib/node_modules/appium/node_modules/@appium/base-driver/lib/protocol/errors.js:1143:9)&#10;    at asyncHandler (/Users/andrewhall/.nvm/versions/node/v24.9.0/lib/node_modules/appium/node_modules/@appium/base-driver/lib/protocol/protocol.js:487:57)">/Users/andrewhall/repo/explore-scripture/tests/test_ios_safari.py:76: iOS Simulator not available. Ensure Appium server is running and a simulator/device is booted. Details: Message: An unknown server-side error occurred while processing the command. Original error: Unable to start WebDriverAgent session. Original error: Could not proxy command to the remote server. Original error: connect ECONNREFUSED 127.0.0.1:8100
Stacktrace:
UnknownError: An unknown server-side error occurred while processing the command. Original error: Unable to start WebDriverAgent session. Original error: Could not proxy command to the remote server. Original error: connect ECONNREFUSED 127.0.0.1:8100
    at getResponseForW3CError (/Users/andrewhall/.nvm/versions/node/v24.9.0/lib/node_modules/appium/node_modules/@appium/base-driver/lib/protocol/errors.js:1143:9)
    at asyncHandler (/Users/andrewhall/.nvm/versions/node/v24.9.0/lib/node_modules/appium/node_modules/@appium/base-driver/lib/protocol/protocol.js:487:57)</skipped></testcase><testcase classname="tests.test_commentary_system.TestCommentarySystem" name="test_mobile_responsiveness" time="9.180" /><testcase classname="tests.test_regression_fixes.TestRegressionFixes" name="test_critical_css_loading[chrome]" time="17.190" /><testcase classname="tests.test_commentary_system.TestCommentarySystem" name="test_all_books_have_commentary_buttons" time="26.308" /><testcase classname="tests.test_regression_fixes.TestRegressionFixes" name="test_critical_css_loading[firefox]" time="10.837" /><testcase classname="tests.test_regression_fixes.TestRegressionFixes" name="test_service_worker_registration[chrome]" time="7.034" /><testcase classname="tests.test_regression_fixes.TestRegressionFixes" name="test_service_worker_registration[firefox]" time="17.557" /><testcase classname="tests.test_regression_fixes.TestRegressionFixes" name="test_offline_functionality[chrome]" time="8.131" /><testcase classname="tests.test_regression_fixes.TestRegressionFixes" name="test_offline_functionality[firefox]" time="14.805" /><testcase classname="tests.test_regression_fixes.TestRegressionFixes" name="test_search_functionality_basic[chrome]" time="9.603" /><testcase classname="tests.test_ios_safari.TestIOSSafari" name="test_mobile_character_search" time="84.122"><skipped type="pytest.skip" message="iOS Simulator not available. Ensure Appium server is running and a simulator/device is booted. Details: Message: An unknown server-side error occurred while processing the command. Original error: Unable to start WebDriverAgent session. Original error: Could not proxy command to the remote server. Original error: connect ECONNREFUSED 127.0.0.1:8100&#10;Stacktrace:&#10;UnknownError: An unknown server-side error occurred while processing the command. Original error: Unable to start WebDriverAgent session. Original error: Could not proxy command to the remote server. Original error: connect ECONNREFUSED 127.0.0.1:8100&#10;    at getResponseForW3CError (/Users/andrewhall/.nvm/versions/node/v24.9.0/lib/node_modules/appium/node_modules/@appium/base-driver/lib/protocol/errors.js:1143:9)&#10;    at asyncHandler (/Users/andrewhall/.nvm/versions/node/v24.9.0/lib/node_modules/appium/node_modules/@appium/base-driver/lib/protocol/protocol.js:487:57)">/Users/andrewhall/repo/explore-scripture/tests/test_ios_safari.py:116: iOS Simulator not available. Ensure Appium server is running and a simulator/device is booted. Details: Message: An unknown server-side error occurred while processing the command. Original error: Unable to start WebDriverAgent session. Original error: Could not proxy command to the remote server. Original error: connect ECONNREFUSED 127.0.0.1:8100
Stacktrace:
UnknownError: An unknown server-side error occurred while processing the command. Original error: Unable to start WebDriverAgent session. Original error: Could not proxy command to the remote server. Original error: connect ECONNREFUSED 127.0.0.1:8100
    at getResponseForW3CError (/Users/andrewhall/.nvm/versions/node/v24.9.0/lib/node_modules/appium/node_modules/@appium/base-driver/lib/protocol/errors.js:1143:9)
    at asyncHandler (/Users/andrewhall/.nvm/versions/node/v24.9.0/lib/node_modules/appium/node_modules/@appium/base-driver/lib/protocol/protocol.js:487:57)</skipped></testcase><testcase classname="tests.test_regression_fixes.TestRegressionFixes" name="test_search_functionality_basic[firefox]" time="13.774" /><testcase classname="tests.test_regression_fixes.TestRegressionFixes" name="test_responsive_design_basics[chrome]" time="5.723" /><testcase classname="tests.test_regression_fixes.TestRegressionFixes" name="test_responsive_design_basics[firefox]" time="6.078" /><testcase classname="tests.test_regression_fixes.TestRegressionFixes" name="test_responsive_table_design[chrome]" time="33.602" /><testcase classname="tests.test_regression_fixes.TestRegressionFixes" name="test_responsive_table_design[firefox]" time="16.427" /><testcase classname="tests.test_ios_safari.TestIOSSafari" name="test_mobile_chapter_reader" time="72.453"><skipped type="pytest.skip" message="iOS Simulator not available. Ensure Appium server is running and a simulator/device is booted. Details: Message: An unknown server-side error occurred while processing the command. Original error: Unable to start WebDriverAgent session. Original error: Could not proxy command to the remote server. Original error: connect ECONNREFUSED 127.0.0.1:8100&#10;Stacktrace:&#10;UnknownError: An unknown server-side error occurred while processing the command. Original error: Unable to start WebDriverAgent session. Original error: Could not proxy command to the remote server. Original error: connect ECONNREFUSED 127.0.0.1:8100&#10;    at getResponseForW3CError (/Users/andrewhall/.nvm/versions/node/v24.9.0/lib/node_modules/appium/node_modules/@appium/base-driver/lib/protocol/errors.js:1143:9)&#10;    at asyncHandler (/Users/andrewhall/.nvm/versions/node/v24.9.0/lib/node_modules/appium/node_modules/@appium/base-driver/lib/protocol/protocol.js:487:57)">/Users/andrewhall/repo/explore-scripture/tests/test_ios_safari.py:154: iOS Simulator not available. Ensure Appium server is running and a simulator/device is booted. Details: Message: An unknown server-side error occurred while processing the command. Original error: Unable to start WebDriverAgent session. Original error: Could not proxy command to the remote server. Original error: connect ECONNREFUSED 127.0.0.1:8100
Stacktrace:
UnknownError: An unknown server-side error occurred while processing the command. Original error: Unable to start WebDriverAgent session. Original error: Could not proxy command to the remote server. Original error: connect ECONNREFUSED 127.0.0.1:8100
    at getResponseForW3CError (/Users/andrewhall/.nvm/versions/node/v24.9.0/lib/node_modules/appium/node_modules/@appium/base-driver/lib/protocol/errors.js:1143:9)
    at asyncHandler (/Users/andrewhall/.nvm/versions/node/v24.9.0/lib/node_modules/appium/node_modules/@appium/base-driver/lib/protocol/protocol.js:487:57)</skipped></testcase><testcase classname="tests.test_regression_fixes.TestRegressionFixes" name="test_accessibility_aria_labels[chrome]" time="15.233" /><testcase classname="tests.test_regression_fixes.TestRegressionFixes" name="test_accessibility_aria_labels[firefox]" time="15.432" /><testcase classname="tests.test_regression_fixes.TestRegressionFixes" name="test_key_figures_position[chrome]" time="8.164" /><testcase classname="tests.test_regression_fixes.TestRegressionFixes" name="test_key_figures_position[firefox]" time="39.772" /><testcase classname="tests.test_ios_safari.TestIOSSafari" name="test_mobile_scripture_widget" time="88.965"><skipped type="pytest.skip" message="iOS Simulator not available. Ensure Appium server is running and a simulator/device is booted. Details: Message: An unknown server-side error occurred while processing the command. Original error: Unable to start WebDriverAgent session. Original error: Could not proxy command to the remote server. Original error: connect ECONNREFUSED 127.0.0.1:8100&#10;Stacktrace:&#10;UnknownError: An unknown server-side error occurred while processing the command. Original error: Unable to start WebDriverAgent session. Original error: Could not proxy command to the remote server. Original error: connect ECONNREFUSED 127.0.0.1:8100&#10;    at getResponseForW3CError (/Users/andrewhall/.nvm/versions/node/v24.9.0/lib/node_modules/appium/node_modules/@appium/base-driver/lib/protocol/errors.js:1143:9)&#10;    at asyncHandler (/Users/andrewhall/.nvm/versions/node/v24.9.0/lib/node_modules/appium/node_modules/@appium/base-driver/lib/protocol/protocol.js:487:57)">/Users/andrewhall/repo/explore-scripture/tests/test_ios_safari.py:225: iOS Simulator not available. Ensure Appium server is running and a simulator/device is booted. Details: Message: An unknown server-side error occurred while processing the command. Original error: Unable to start WebDriverAgent session. Original error: Could not proxy command to the remote server. Original error: connect ECONNREFUSED 127.0.0.1:8100
Stacktrace:
UnknownError: An unknown server-side error occurred while processing the command. Original error: Unable to start WebDriverAgent session. Original error: Could not proxy command to the remote server. Original error: connect ECONNREFUSED 127.0.0.1:8100
    at getResponseForW3CError (/Users/andrewhall/.nvm/versions/node/v24.9.0/lib/node_modules/appium/node_modules/@appium/base-driver/lib/protocol/errors.js:1143:9)
    at asyncHandler (/Users/andrewhall/.nvm/versions/node/v24.9.0/lib/node_modules/appium/node_modules/@appium/base-driver/lib/protocol/protocol.js:487:57)</skipped></testcase><testcase classname="tests.test_ios_safari.TestIOSSafari" name="test_mobile_responsive_design" time="63.727"><skipped type="pytest.skip" message="iOS Simulator not available. Ensure Appium server is running and a simulator/device is booted. Details: Message: An unknown server-side error occurred while processing the command. Original error: Unable to start WebDriverAgent session. Original error: Could not proxy command to the remote server. Original error: connect ECONNREFUSED 127.0.0.1:8100&#10;Stacktrace:&#10;UnknownError: An unknown server-side error occurred while processing the command. Original error: Unable to start WebDriverAgent session. Original error: Could not proxy command to the remote server. Original error: connect ECONNREFUSED 127.0.0.1:8100&#10;    at getResponseForW3CError (/Users/andrewhall/.nvm/versions/node/v24.9.0/lib/node_modules/appium/node_modules/@appium/base-driver/lib/protocol/errors.js:1143:9)&#10;    at asyncHandler (/Users/andrewhall/.nvm/versions/node/v24.9.0/lib/node_modules/appium/node_modules/@appium/base-driver/lib/protocol/protocol.js:487:57)">/Users/andrewhall/repo/explore-scripture/tests/test_ios_safari.py:261: iOS Simulator not available. Ensure Appium server is running and a simulator/device is booted. Details: Message: An unknown server-side error occurred while processing the command. Original error: Unable to start WebDriverAgent session. Original error: Could not proxy command to the remote server. Original error: connect ECONNREFUSED 127.0.0.1:8100
Stacktrace:
UnknownError: An unknown server-side error occurred while processing the command. Original error: Unable to start WebDriverAgent session. Original error: Could not proxy command to the remote server. Original error: connect ECONNREFUSED 127.0.0.1:8100
    at getResponseForW3CError (/Users/andrewhall/.nvm/versions/node/v24.9.0/lib/node_modules/appium/node_modules/@appium/base-driver/lib/protocol/errors.js:1143:9)
    at asyncHandler (/Users/andrewhall/.nvm/versions/node/v24.9.0/lib/node_modules/appium/node_modules/@appium/base-driver/lib/protocol/protocol.js:487:57)</skipped></testcase><testcase classname="tests.test_ios_safari.TestIOSSafari" name="test_mobile_performance_basic" time="71.387"><skipped type="pytest.skip" message="iOS Simulator not available. Ensure Appium server is running and a simulator/device is booted. Details: Message: An unknown server-side error occurred while processing the command. Original error: Unable to start WebDriverAgent session. Original error: Could not proxy command to the remote server. Original error: connect ECONNREFUSED 127.0.0.1:8100&#10;Stacktrace:&#10;UnknownError: An unknown server-side error occurred while processing the command. Original error: Unable to start WebDriverAgent session. Original error: Could not proxy command to the remote server. Original error: connect ECONNREFUSED 127.0.0.1:8100&#10;    at getResponseForW3CError (/Users/andrewhall/.nvm/versions/node/v24.9.0/lib/node_modules/appium/node_modules/@appium/base-driver/lib/protocol/errors.js:1143:9)&#10;    at asyncHandler (/Users/andrewhall/.nvm/versions/node/v24.9.0/lib/node_modules/appium/node_modules/@appium/base-driver/lib/protocol/protocol.js:487:57)">/Users/andrewhall/repo/explore-scripture/tests/test_ios_safari.py:291: iOS Simulator not available. Ensure Appium server is running and a simulator/device is booted. Details: Message: An unknown server-side error occurred while processing the command. Original error: Unable to start WebDriverAgent session. Original error: Could not proxy command to the remote server. Original error: connect ECONNREFUSED 127.0.0.1:8100
Stacktrace:
UnknownError: An unknown server-side error occurred while processing the command. Original error: Unable to start WebDriverAgent session. Original error: Could not proxy command to the remote server. Original error: connect ECONNREFUSED 127.0.0.1:8100
    at getResponseForW3CError (/Users/andrewhall/.nvm/versions/node/v24.9.0/lib/node_modules/appium/node_modules/@appium/base-driver/lib/protocol/errors.js:1143:9)
    at asyncHandler (/Users/andrewhall/.nvm/versions/node/v24.9.0/lib/node_modules/appium/node_modules/@appium/base-driver/lib/protocol/protocol.js:487:57)</skipped></testcase><testcase classname="tests.test_ios_safari.TestIOSSafari" name="test_mobile_book_navigation" time="63.167"><skipped type="pytest.skip" message="iOS Simulator not available. Ensure Appium server is running and a simulator/device is booted. Details: Message: An unknown server-side error occurred while processing the command. Original error: Unable to start WebDriverAgent session. Original error: Could not proxy command to the remote server. Original error: connect ECONNREFUSED 127.0.0.1:8100&#10;Stacktrace:&#10;UnknownError: An unknown server-side error occurred while processing the command. Original error: Unable to start WebDriverAgent session. Original error: Could not proxy command to the remote server. Original error: connect ECONNREFUSED 127.0.0.1:8100&#10;    at getResponseForW3CError (/Users/andrewhall/.nvm/versions/node/v24.9.0/lib/node_modules/appium/node_modules/@appium/base-driver/lib/protocol/errors.js:1143:9)&#10;    at asyncHandler (/Users/andrewhall/.nvm/versions/node/v24.9.0/lib/node_modules/appium/node_modules/@appium/base-driver/lib/protocol/protocol.js:487:57)">/Users/andrewhall/repo/explore-scripture/tests/test_ios_safari.py:330: iOS Simulator not available. Ensure Appium server is running and a simulator/device is booted. Details: Message: An unknown server-side error occurred while processing the command. Original error: Unable to start WebDriverAgent session. Original error: Could not proxy command to the remote server. Original error: connect ECONNREFUSED 127.0.0.1:8100
Stacktrace:
UnknownError: An unknown server-side error occurred while processing the command. Original error: Unable to start WebDriverAgent session. Original error: Could not proxy command to the remote server. Original error: connect ECONNREFUSED 127.0.0.1:8100
    at getResponseForW3CError (/Users/andrewhall/.nvm/versions/node/v24.9.0/lib/node_modules/appium/node_modules/@appium/base-driver/lib/protocol/errors.js:1143:9)
    at asyncHandler (/Users/andrewhall/.nvm/versions/node/v24.9.0/lib/node_modules/appium/node_modules/@appium/base-driver/lib/protocol/protocol.js:487:57)</skipped></testcase><testcase classname="tests.test_ios_safari.TestIOSSafari" name="test_mobile_accessibility_basics" time="62.356"><skipped type="pytest.skip" message="iOS Simulator not available. Ensure Appium server is running and a simulator/device is booted. Details: Message: An unknown server-side error occurred while processing the command. Original error: Unable to start WebDriverAgent session. Original error: Could not proxy command to the remote server. Original error: connect ECONNREFUSED 127.0.0.1:8100&#10;Stacktrace:&#10;UnknownError: An unknown server-side error occurred while processing the command. Original error: Unable to start WebDriverAgent session. Original error: Could not proxy command to the remote server. Original error: connect ECONNREFUSED 127.0.0.1:8100&#10;    at getResponseForW3CError (/Users/andrewhall/.nvm/versions/node/v24.9.0/lib/node_modules/appium/node_modules/@appium/base-driver/lib/protocol/errors.js:1143:9)&#10;    at asyncHandler (/Users/andrewhall/.nvm/versions/node/v24.9.0/lib/node_modules/appium/node_modules/@appium/base-driver/lib/protocol/protocol.js:487:57)">/Users/andrewhall/repo/explore-scripture/tests/test_ios_safari.py:361: iOS Simulator not available. Ensure Appium server is running and a simulator/device is booted. Details: Message: An unknown server-side error occurred while processing the command. Original error: Unable to start WebDriverAgent session. Original error: Could not proxy command to the remote server. Original error: connect ECONNREFUSED 127.0.0.1:8100
Stacktrace:
UnknownError: An unknown server-side error occurred while processing the command. Original error: Unable to start WebDriverAgent session. Original error: Could not proxy command to the remote server. Original error: connect ECONNREFUSED 127.0.0.1:8100
    at getResponseForW3CError (/Users/andrewhall/.nvm/versions/node/v24.9.0/lib/node_modules/appium/node_modules/@appium/base-driver/lib/protocol/errors.js:1143:9)
    at asyncHandler (/Users/andrewhall/.nvm/versions/node/v24.9.0/lib/node_modules/appium/node_modules/@appium/base-driver/lib/protocol/protocol.js:487:57)</skipped></testcase><testcase classname="tests.test_ios_safari.TestIOSSpecific" name="test_ios_safari_viewport_behavior" time="65.910"><skipped type="pytest.skip" message="iOS Simulator not available. Ensure Appium server is running and a simulator/device is booted. Details: Message: An unknown server-side error occurred while processing the command. Original error: Unable to start WebDriverAgent session. Original error: Could not proxy command to the remote server. Original error: connect ECONNREFUSED 127.0.0.1:8100&#10;Stacktrace:&#10;UnknownError: An unknown server-side error occurred while processing the command. Original error: Unable to start WebDriverAgent session. Original error: Could not proxy command to the remote server. Original error: connect ECONNREFUSED 127.0.0.1:8100&#10;    at getResponseForW3CError (/Users/andrewhall/.nvm/versions/node/v24.9.0/lib/node_modules/appium/node_modules/@appium/base-driver/lib/protocol/errors.js:1143:9)&#10;    at asyncHandler (/Users/andrewhall/.nvm/versions/node/v24.9.0/lib/node_modules/appium/node_modules/@appium/base-driver/lib/protocol/protocol.js:487:57)">/Users/andrewhall/repo/explore-scripture/tests/test_ios_safari.py:396: iOS Simulator not available. Ensure Appium server is running and a simulator/device is booted. Details: Message: An unknown server-side error occurred while processing the command. Original error: Unable to start WebDriverAgent session. Original error: Could not proxy command to the remote server. Original error: connect ECONNREFUSED 127.0.0.1:8100
Stacktrace:
UnknownError: An unknown server-side error occurred while processing the command. Original error: Unable to start WebDriverAgent session. Original error: Could not proxy command to the remote server. Original error: connect ECONNREFUSED 127.0.0.1:8100
    at getResponseForW3CError (/Users/andrewhall/.nvm/versions/node/v24.9.0/lib/node_modules/appium/node_modules/@appium/base-driver/lib/protocol/errors.js:1143:9)
    at asyncHandler (/Users/andrewhall/.nvm/versions/node/v24.9.0/lib/node_modules/appium/node_modules/@appium/base-driver/lib/protocol/protocol.js:487:57)</skipped></testcase><testcase classname="tests.test_ios_safari.TestIOSSpecific" name="test_ios_touch_events" time="68.911"><skipped type="pytest.skip" message="iOS Simulator not available. Ensure Appium server is running and a simulator/device is booted. Details: Message: An unknown server-side error occurred while processing the command. Original error: Unable to start WebDriverAgent session. Original error: Could not proxy command to the remote server. Original error: connect ECONNREFUSED 127.0.0.1:8100&#10;Stacktrace:&#10;UnknownError: An unknown server-side error occurred while processing the command. Original error: Unable to start WebDriverAgent session. Original error: Could not proxy command to the remote server. Original error: connect ECONNREFUSED 127.0.0.1:8100&#10;    at getResponseForW3CError (/Users/andrewhall/.nvm/versions/node/v24.9.0/lib/node_modules/appium/node_modules/@appium/base-driver/lib/protocol/errors.js:1143:9)&#10;    at asyncHandler (/Users/andrewhall/.nvm/versions/node/v24.9.0/lib/node_modules/appium/node_modules/@appium/base-driver/lib/protocol/protocol.js:487:57)">/Users/andrewhall/repo/explore-scripture/tests/test_ios_safari.py:418: iOS Simulator not available. Ensure Appium server is running and a simulator/device is booted. Details: Message: An unknown server-side error occurred while processing the command. Original error: Unable to start WebDriverAgent session. Original error: Could not proxy command to the remote server. Original error: connect ECONNREFUSED 127.0.0.1:8100
Stacktrace:
UnknownError: An unknown server-side error occurred while processing the command. Original error: Unable to start WebDriverAgent session. Original error: Could not proxy command to the remote server. Original error: connect ECONNREFUSED 127.0.0.1:8100
    at getResponseForW3CError (/Users/andrewhall/.nvm/versions/node/v24.9.0/lib/node_modules/appium/node_modules/@appium/base-driver/lib/protocol/errors.js:1143:9)
    at asyncHandler (/Users/andrewhall/.nvm/versions/node/v24.9.0/lib/node_modules/appium/node_modules/@appium/base-driver/lib/protocol/protocol.js:487:57)</skipped></testcase></testsuite></testsuites>